ERROR - 2024-06-25 04:32:25 --> Error connecting to the database: mysqli_sql_exception: Access denied for user ''@'localhost' (using password: NO) in C:\laragon\www\ci4berita\vendor\codeigniter4\framework\system\Database\MySQLi\Connection.php:187
Stack trace:
#0 C:\laragon\www\ci4berita\vendor\codeigniter4\framework\system\Database\MySQLi\Connection.php(187): mysqli->real_connect('localhost', '', '', '', 3306, '', 0)
#1 C:\laragon\www\ci4berita\vendor\codeigniter4\framework\system\Database\BaseConnection.php(421): CodeIgniter\Database\MySQLi\Connection->connect(false)
#2 C:\laragon\www\ci4berita\vendor\codeigniter4\framework\system\Database\BaseConnection.php(614): CodeIgniter\Database\BaseConnection->initialize()
#3 C:\laragon\www\ci4berita\vendor\codeigniter4\framework\system\Database\BaseBuilder.php(1637): CodeIgniter\Database\BaseConnection->query('SELECT *\nFROM `...', Array, false)
#4 C:\laragon\www\ci4berita\vendor\codeigniter4\framework\system\Model.php(286): CodeIgniter\Database\BaseBuilder->get()
#5 C:\laragon\www\ci4berita\vendor\codeigniter4\framework\system\BaseModel.php(676): CodeIgniter\Model->doFindAll(0, 0)
#6 C:\laragon\www\ci4berita\app\Controllers\Berita.php(14): CodeIgniter\BaseModel->findAll()
#7 C:\laragon\www\ci4berita\vendor\codeigniter4\framework\system\CodeIgniter.php(933): App\Controllers\Berita->index()
#8 C:\laragon\www\ci4berita\vendor\codeigniter4\framework\system\CodeIgniter.php(509): CodeIgniter\CodeIgniter->runController(Object(App\Controllers\Berita))
#9 C:\laragon\www\ci4berita\vendor\codeigniter4\framework\system\CodeIgniter.php(355): CodeIgniter\CodeIgniter->handleRequest(NULL, Object(Config\Cache), false)
#10 C:\laragon\www\ci4berita\vendor\codeigniter4\framework\system\Boot.php(325): CodeIgniter\CodeIgniter->run()
#11 C:\laragon\www\ci4berita\vendor\codeigniter4\framework\system\Boot.php(67): CodeIgniter\Boot::runCodeIgniter(Object(CodeIgniter\CodeIgniter))
#12 C:\laragon\www\ci4berita\public\index.php(56): CodeIgniter\Boot::bootWeb(Object(Config\Paths))
#13 C:\laragon\www\ci4berita\vendor\codeigniter4\framework\system\Commands\Server\rewrite.php(49): require_once('C:\\laragon\\www\\...')
#14 {main}

Next CodeIgniter\Database\Exceptions\DatabaseException: Access denied for user ''@'localhost' (using password: NO) in C:\laragon\www\ci4berita\vendor\codeigniter4\framework\system\Database\MySQLi\Connection.php:231
Stack trace:
#0 C:\laragon\www\ci4berita\vendor\codeigniter4\framework\system\Database\BaseConnection.php(421): CodeIgniter\Database\MySQLi\Connection->connect(false)
#1 C:\laragon\www\ci4berita\vendor\codeigniter4\framework\system\Database\BaseConnection.php(614): CodeIgniter\Database\BaseConnection->initialize()
#2 C:\laragon\www\ci4berita\vendor\codeigniter4\framework\system\Database\BaseBuilder.php(1637): CodeIgniter\Database\BaseConnection->query('SELECT *\nFROM `...', Array, false)
#3 C:\laragon\www\ci4berita\vendor\codeigniter4\framework\system\Model.php(286): CodeIgniter\Database\BaseBuilder->get()
#4 C:\laragon\www\ci4berita\vendor\codeigniter4\framework\system\BaseModel.php(676): CodeIgniter\Model->doFindAll(0, 0)
#5 C:\laragon\www\ci4berita\app\Controllers\Berita.php(14): CodeIgniter\BaseModel->findAll()
#6 C:\laragon\www\ci4berita\vendor\codeigniter4\framework\system\CodeIgniter.php(933): App\Controllers\Berita->index()
#7 C:\laragon\www\ci4berita\vendor\codeigniter4\framework\system\CodeIgniter.php(509): CodeIgniter\CodeIgniter->runController(Object(App\Controllers\Berita))
#8 C:\laragon\www\ci4berita\vendor\codeigniter4\framework\system\CodeIgniter.php(355): CodeIgniter\CodeIgniter->handleRequest(NULL, Object(Config\Cache), false)
#9 C:\laragon\www\ci4berita\vendor\codeigniter4\framework\system\Boot.php(325): CodeIgniter\CodeIgniter->run()
#10 C:\laragon\www\ci4berita\vendor\codeigniter4\framework\system\Boot.php(67): CodeIgniter\Boot::runCodeIgniter(Object(CodeIgniter\CodeIgniter))
#11 C:\laragon\www\ci4berita\public\index.php(56): CodeIgniter\Boot::bootWeb(Object(Config\Paths))
#12 C:\laragon\www\ci4berita\vendor\codeigniter4\framework\system\Commands\Server\rewrite.php(49): require_once('C:\\laragon\\www\\...')
#13 {main}
CRITICAL - 2024-06-25 04:32:25 --> CodeIgniter\Database\Exceptions\DatabaseException: Unable to connect to the database.
Main connection [MySQLi]: Access denied for user ''@'localhost' (using password: NO)
[Method: GET, Route: /]
in SYSTEMPATH\Database\BaseConnection.php on line 467.
 1 SYSTEMPATH\Database\BaseConnection.php(614): CodeIgniter\Database\BaseConnection->initialize()
 2 SYSTEMPATH\Database\BaseBuilder.php(1637): CodeIgniter\Database\BaseConnection->query('SELECT *
FROM `posting`', [], false)
 3 SYSTEMPATH\Model.php(286): CodeIgniter\Database\BaseBuilder->get()
 4 SYSTEMPATH\BaseModel.php(676): CodeIgniter\Model->doFindAll(0, 0)
 5 APPPATH\Controllers\Berita.php(14): CodeIgniter\BaseModel->findAll()
 6 SYSTEMPATH\CodeIgniter.php(933): App\Controllers\Berita->index()
 7 SYSTEMPATH\CodeIgniter.php(509): CodeIgniter\CodeIgniter->runController(Object(App\Controllers\Berita))
 8 SYSTEMPATH\CodeIgniter.php(355): CodeIgniter\CodeIgniter->handleRequest(null, Object(Config\Cache), false)
 9 SYSTEMPATH\Boot.php(325): CodeIgniter\CodeIgniter->run()
10 SYSTEMPATH\Boot.php(67): CodeIgniter\Boot::runCodeIgniter(Object(CodeIgniter\CodeIgniter))
11 FCPATH\index.php(56): CodeIgniter\Boot::bootWeb(Object(Config\Paths))
12 SYSTEMPATH\Commands\Server\rewrite.php(49): require_once('C:\\laragon\\www\\ci4berita\\public\\index.php')
CRITICAL - 2024-06-25 06:34:44 --> ParseError: syntax error, unexpected identifier "href", expecting "," or ";"
[Method: GET, Route: /]
in APPPATH\Views\home.php on line 14.
 1 SYSTEMPATH\View\View.php(237): CodeIgniter\View\View->CodeIgniter\View\{closure}()
 2 SYSTEMPATH\Common.php(1171): CodeIgniter\View\View->render('home', [], true)
 3 APPPATH\Controllers\Berita.php(18): view('home', [...])
 4 SYSTEMPATH\CodeIgniter.php(933): App\Controllers\Berita->index()
 5 SYSTEMPATH\CodeIgniter.php(509): CodeIgniter\CodeIgniter->runController(Object(App\Controllers\Berita))
 6 SYSTEMPATH\CodeIgniter.php(355): CodeIgniter\CodeIgniter->handleRequest(null, Object(Config\Cache), false)
 7 SYSTEMPATH\Boot.php(325): CodeIgniter\CodeIgniter->run()
 8 SYSTEMPATH\Boot.php(67): CodeIgniter\Boot::runCodeIgniter(Object(CodeIgniter\CodeIgniter))
 9 FCPATH\index.php(56): CodeIgniter\Boot::bootWeb(Object(Config\Paths))
10 SYSTEMPATH\Commands\Server\rewrite.php(49): require_once('C:\\laragon\\www\\ci4berita\\public\\index.php')
ERROR - 2024-06-25 08:34:29 --> mysqli_sql_exception: You have an error in your SQL syntax; check the manual that corresponds to your MySQL server version for the right syntax to use near '> $id
 LIMIT 1' at line 3 in C:\laragon\www\ci4berita\vendor\codeigniter4\framework\system\Database\MySQLi\Connection.php:310
Stack trace:
#0 C:\laragon\www\ci4berita\vendor\codeigniter4\framework\system\Database\MySQLi\Connection.php(310): mysqli->query('SELECT *\nFROM `...', 0)
#1 C:\laragon\www\ci4berita\vendor\codeigniter4\framework\system\Database\BaseConnection.php(732): CodeIgniter\Database\MySQLi\Connection->execute('SELECT *\nFROM `...')
#2 C:\laragon\www\ci4berita\vendor\codeigniter4\framework\system\Database\BaseConnection.php(646): CodeIgniter\Database\BaseConnection->simpleQuery('SELECT *\nFROM `...')
#3 C:\laragon\www\ci4berita\vendor\codeigniter4\framework\system\Database\BaseBuilder.php(1637): CodeIgniter\Database\BaseConnection->query('SELECT *\nFROM `...', Array, false)
#4 C:\laragon\www\ci4berita\vendor\codeigniter4\framework\system\Model.php(330): CodeIgniter\Database\BaseBuilder->get()
#5 C:\laragon\www\ci4berita\vendor\codeigniter4\framework\system\BaseModel.php(714): CodeIgniter\Model->doFirst()
#6 C:\laragon\www\ci4berita\app\Controllers\Berita.php(54): CodeIgniter\BaseModel->first()
#7 C:\laragon\www\ci4berita\vendor\codeigniter4\framework\system\CodeIgniter.php(933): App\Controllers\Berita->edit('1')
#8 C:\laragon\www\ci4berita\vendor\codeigniter4\framework\system\CodeIgniter.php(509): CodeIgniter\CodeIgniter->runController(Object(App\Controllers\Berita))
#9 C:\laragon\www\ci4berita\vendor\codeigniter4\framework\system\CodeIgniter.php(355): CodeIgniter\CodeIgniter->handleRequest(NULL, Object(Config\Cache), false)
#10 C:\laragon\www\ci4berita\vendor\codeigniter4\framework\system\Boot.php(325): CodeIgniter\CodeIgniter->run()
#11 C:\laragon\www\ci4berita\vendor\codeigniter4\framework\system\Boot.php(67): CodeIgniter\Boot::runCodeIgniter(Object(CodeIgniter\CodeIgniter))
#12 C:\laragon\www\ci4berita\public\index.php(56): CodeIgniter\Boot::bootWeb(Object(Config\Paths))
#13 C:\laragon\www\ci4berita\vendor\codeigniter4\framework\system\Commands\Server\rewrite.php(49): require_once('C:\\laragon\\www\\...')
#14 {main}
CRITICAL - 2024-06-25 08:34:29 --> CodeIgniter\Database\Exceptions\DatabaseException: You have an error in your SQL syntax; check the manual that corresponds to your MySQL server version for the right syntax to use near '> $id
 LIMIT 1' at line 3
[Method: GET, Route: berita/edit/1]
in SYSTEMPATH\Database\BaseConnection.php on line 686.
 1 SYSTEMPATH\Database\BaseBuilder.php(1637): CodeIgniter\Database\BaseConnection->query('SELECT *
FROM `posting`
WHERE `id` = > $id
 LIMIT 1', [], false)
 2 SYSTEMPATH\Model.php(330): CodeIgniter\Database\BaseBuilder->get()
 3 SYSTEMPATH\BaseModel.php(714): CodeIgniter\Model->doFirst()
 4 APPPATH\Controllers\Berita.php(54): CodeIgniter\BaseModel->first()
 5 SYSTEMPATH\CodeIgniter.php(933): App\Controllers\Berita->edit('1')
 6 SYSTEMPATH\CodeIgniter.php(509): CodeIgniter\CodeIgniter->runController(Object(App\Controllers\Berita))
 7 SYSTEMPATH\CodeIgniter.php(355): CodeIgniter\CodeIgniter->handleRequest(null, Object(Config\Cache), false)
 8 SYSTEMPATH\Boot.php(325): CodeIgniter\CodeIgniter->run()
 9 SYSTEMPATH\Boot.php(67): CodeIgniter\Boot::runCodeIgniter(Object(CodeIgniter\CodeIgniter))
10 FCPATH\index.php(56): CodeIgniter\Boot::bootWeb(Object(Config\Paths))
11 SYSTEMPATH\Commands\Server\rewrite.php(49): require_once('C:\\laragon\\www\\ci4berita\\public\\index.php')
CRITICAL - 2024-06-25 08:34:29 --> [Caused by] CodeIgniter\Database\Exceptions\DatabaseException: You have an error in your SQL syntax; check the manual that corresponds to your MySQL server version for the right syntax to use near '> $id
 LIMIT 1' at line 3
in SYSTEMPATH\Database\MySQLi\Connection.php on line 315.
 1 SYSTEMPATH\Database\BaseConnection.php(732): CodeIgniter\Database\MySQLi\Connection->execute('SELECT *
FROM `posting`
WHERE `id` = > $id
 LIMIT 1')
 2 SYSTEMPATH\Database\BaseConnection.php(646): CodeIgniter\Database\BaseConnection->simpleQuery('SELECT *
FROM `posting`
WHERE `id` = > $id
 LIMIT 1')
 3 SYSTEMPATH\Database\BaseBuilder.php(1637): CodeIgniter\Database\BaseConnection->query('SELECT *
FROM `posting`
WHERE `id` = > $id
 LIMIT 1', [], false)
 4 SYSTEMPATH\Model.php(330): CodeIgniter\Database\BaseBuilder->get()
 5 SYSTEMPATH\BaseModel.php(714): CodeIgniter\Model->doFirst()
 6 APPPATH\Controllers\Berita.php(54): CodeIgniter\BaseModel->first()
 7 SYSTEMPATH\CodeIgniter.php(933): App\Controllers\Berita->edit('1')
 8 SYSTEMPATH\CodeIgniter.php(509): CodeIgniter\CodeIgniter->runController(Object(App\Controllers\Berita))
 9 SYSTEMPATH\CodeIgniter.php(355): CodeIgniter\CodeIgniter->handleRequest(null, Object(Config\Cache), false)
10 SYSTEMPATH\Boot.php(325): CodeIgniter\CodeIgniter->run()
11 SYSTEMPATH\Boot.php(67): CodeIgniter\Boot::runCodeIgniter(Object(CodeIgniter\CodeIgniter))
12 FCPATH\index.php(56): CodeIgniter\Boot::bootWeb(Object(Config\Paths))
13 SYSTEMPATH\Commands\Server\rewrite.php(49): require_once('C:\\laragon\\www\\ci4berita\\public\\index.php')
CRITICAL - 2024-06-25 08:34:29 --> [Caused by] mysqli_sql_exception: You have an error in your SQL syntax; check the manual that corresponds to your MySQL server version for the right syntax to use near '> $id
 LIMIT 1' at line 3
in SYSTEMPATH\Database\MySQLi\Connection.php on line 310.
 1 SYSTEMPATH\Database\MySQLi\Connection.php(310): mysqli->query('SELECT *
FROM `posting`
WHERE `id` = > $id
 LIMIT 1', 0)
 2 SYSTEMPATH\Database\BaseConnection.php(732): CodeIgniter\Database\MySQLi\Connection->execute('SELECT *
FROM `posting`
WHERE `id` = > $id
 LIMIT 1')
 3 SYSTEMPATH\Database\BaseConnection.php(646): CodeIgniter\Database\BaseConnection->simpleQuery('SELECT *
FROM `posting`
WHERE `id` = > $id
 LIMIT 1')
 4 SYSTEMPATH\Database\BaseBuilder.php(1637): CodeIgniter\Database\BaseConnection->query('SELECT *
FROM `posting`
WHERE `id` = > $id
 LIMIT 1', [], false)
 5 SYSTEMPATH\Model.php(330): CodeIgniter\Database\BaseBuilder->get()
 6 SYSTEMPATH\BaseModel.php(714): CodeIgniter\Model->doFirst()
 7 APPPATH\Controllers\Berita.php(54): CodeIgniter\BaseModel->first()
 8 SYSTEMPATH\CodeIgniter.php(933): App\Controllers\Berita->edit('1')
 9 SYSTEMPATH\CodeIgniter.php(509): CodeIgniter\CodeIgniter->runController(Object(App\Controllers\Berita))
10 SYSTEMPATH\CodeIgniter.php(355): CodeIgniter\CodeIgniter->handleRequest(null, Object(Config\Cache), false)
11 SYSTEMPATH\Boot.php(325): CodeIgniter\CodeIgniter->run()
12 SYSTEMPATH\Boot.php(67): CodeIgniter\Boot::runCodeIgniter(Object(CodeIgniter\CodeIgniter))
13 FCPATH\index.php(56): CodeIgniter\Boot::bootWeb(Object(Config\Paths))
14 SYSTEMPATH\Commands\Server\rewrite.php(49): require_once('C:\\laragon\\www\\ci4berita\\public\\index.php')
ERROR - 2024-06-25 08:44:18 --> mysqli_sql_exception: You have an error in your SQL syntax; check the manual that corresponds to your MySQL server version for the right syntax to use near '> $id
 LIMIT 1' at line 3 in C:\laragon\www\ci4berita\vendor\codeigniter4\framework\system\Database\MySQLi\Connection.php:310
Stack trace:
#0 C:\laragon\www\ci4berita\vendor\codeigniter4\framework\system\Database\MySQLi\Connection.php(310): mysqli->query('SELECT *\nFROM `...', 0)
#1 C:\laragon\www\ci4berita\vendor\codeigniter4\framework\system\Database\BaseConnection.php(732): CodeIgniter\Database\MySQLi\Connection->execute('SELECT *\nFROM `...')
#2 C:\laragon\www\ci4berita\vendor\codeigniter4\framework\system\Database\BaseConnection.php(646): CodeIgniter\Database\BaseConnection->simpleQuery('SELECT *\nFROM `...')
#3 C:\laragon\www\ci4berita\vendor\codeigniter4\framework\system\Database\BaseBuilder.php(1637): CodeIgniter\Database\BaseConnection->query('SELECT *\nFROM `...', Array, false)
#4 C:\laragon\www\ci4berita\vendor\codeigniter4\framework\system\Model.php(330): CodeIgniter\Database\BaseBuilder->get()
#5 C:\laragon\www\ci4berita\vendor\codeigniter4\framework\system\BaseModel.php(714): CodeIgniter\Model->doFirst()
#6 C:\laragon\www\ci4berita\app\Controllers\Berita.php(54): CodeIgniter\BaseModel->first()
#7 C:\laragon\www\ci4berita\vendor\codeigniter4\framework\system\CodeIgniter.php(933): App\Controllers\Berita->edit('1')
#8 C:\laragon\www\ci4berita\vendor\codeigniter4\framework\system\CodeIgniter.php(509): CodeIgniter\CodeIgniter->runController(Object(App\Controllers\Berita))
#9 C:\laragon\www\ci4berita\vendor\codeigniter4\framework\system\CodeIgniter.php(355): CodeIgniter\CodeIgniter->handleRequest(NULL, Object(Config\Cache), false)
#10 C:\laragon\www\ci4berita\vendor\codeigniter4\framework\system\Boot.php(325): CodeIgniter\CodeIgniter->run()
#11 C:\laragon\www\ci4berita\vendor\codeigniter4\framework\system\Boot.php(67): CodeIgniter\Boot::runCodeIgniter(Object(CodeIgniter\CodeIgniter))
#12 C:\laragon\www\ci4berita\public\index.php(56): CodeIgniter\Boot::bootWeb(Object(Config\Paths))
#13 C:\laragon\www\ci4berita\vendor\codeigniter4\framework\system\Commands\Server\rewrite.php(49): require_once('C:\\laragon\\www\\...')
#14 {main}
CRITICAL - 2024-06-25 08:44:18 --> CodeIgniter\Database\Exceptions\DatabaseException: You have an error in your SQL syntax; check the manual that corresponds to your MySQL server version for the right syntax to use near '> $id
 LIMIT 1' at line 3
[Method: GET, Route: berita/edit/1]
in SYSTEMPATH\Database\BaseConnection.php on line 686.
 1 SYSTEMPATH\Database\BaseBuilder.php(1637): CodeIgniter\Database\BaseConnection->query('SELECT *
FROM `posting`
WHERE `id` = > $id
 LIMIT 1', [], false)
 2 SYSTEMPATH\Model.php(330): CodeIgniter\Database\BaseBuilder->get()
 3 SYSTEMPATH\BaseModel.php(714): CodeIgniter\Model->doFirst()
 4 APPPATH\Controllers\Berita.php(54): CodeIgniter\BaseModel->first()
 5 SYSTEMPATH\CodeIgniter.php(933): App\Controllers\Berita->edit('1')
 6 SYSTEMPATH\CodeIgniter.php(509): CodeIgniter\CodeIgniter->runController(Object(App\Controllers\Berita))
 7 SYSTEMPATH\CodeIgniter.php(355): CodeIgniter\CodeIgniter->handleRequest(null, Object(Config\Cache), false)
 8 SYSTEMPATH\Boot.php(325): CodeIgniter\CodeIgniter->run()
 9 SYSTEMPATH\Boot.php(67): CodeIgniter\Boot::runCodeIgniter(Object(CodeIgniter\CodeIgniter))
10 FCPATH\index.php(56): CodeIgniter\Boot::bootWeb(Object(Config\Paths))
11 SYSTEMPATH\Commands\Server\rewrite.php(49): require_once('C:\\laragon\\www\\ci4berita\\public\\index.php')
CRITICAL - 2024-06-25 08:44:18 --> [Caused by] CodeIgniter\Database\Exceptions\DatabaseException: You have an error in your SQL syntax; check the manual that corresponds to your MySQL server version for the right syntax to use near '> $id
 LIMIT 1' at line 3
in SYSTEMPATH\Database\MySQLi\Connection.php on line 315.
 1 SYSTEMPATH\Database\BaseConnection.php(732): CodeIgniter\Database\MySQLi\Connection->execute('SELECT *
FROM `posting`
WHERE `id` = > $id
 LIMIT 1')
 2 SYSTEMPATH\Database\BaseConnection.php(646): CodeIgniter\Database\BaseConnection->simpleQuery('SELECT *
FROM `posting`
WHERE `id` = > $id
 LIMIT 1')
 3 SYSTEMPATH\Database\BaseBuilder.php(1637): CodeIgniter\Database\BaseConnection->query('SELECT *
FROM `posting`
WHERE `id` = > $id
 LIMIT 1', [], false)
 4 SYSTEMPATH\Model.php(330): CodeIgniter\Database\BaseBuilder->get()
 5 SYSTEMPATH\BaseModel.php(714): CodeIgniter\Model->doFirst()
 6 APPPATH\Controllers\Berita.php(54): CodeIgniter\BaseModel->first()
 7 SYSTEMPATH\CodeIgniter.php(933): App\Controllers\Berita->edit('1')
 8 SYSTEMPATH\CodeIgniter.php(509): CodeIgniter\CodeIgniter->runController(Object(App\Controllers\Berita))
 9 SYSTEMPATH\CodeIgniter.php(355): CodeIgniter\CodeIgniter->handleRequest(null, Object(Config\Cache), false)
10 SYSTEMPATH\Boot.php(325): CodeIgniter\CodeIgniter->run()
11 SYSTEMPATH\Boot.php(67): CodeIgniter\Boot::runCodeIgniter(Object(CodeIgniter\CodeIgniter))
12 FCPATH\index.php(56): CodeIgniter\Boot::bootWeb(Object(Config\Paths))
13 SYSTEMPATH\Commands\Server\rewrite.php(49): require_once('C:\\laragon\\www\\ci4berita\\public\\index.php')
CRITICAL - 2024-06-25 08:44:18 --> [Caused by] mysqli_sql_exception: You have an error in your SQL syntax; check the manual that corresponds to your MySQL server version for the right syntax to use near '> $id
 LIMIT 1' at line 3
in SYSTEMPATH\Database\MySQLi\Connection.php on line 310.
 1 SYSTEMPATH\Database\MySQLi\Connection.php(310): mysqli->query('SELECT *
FROM `posting`
WHERE `id` = > $id
 LIMIT 1', 0)
 2 SYSTEMPATH\Database\BaseConnection.php(732): CodeIgniter\Database\MySQLi\Connection->execute('SELECT *
FROM `posting`
WHERE `id` = > $id
 LIMIT 1')
 3 SYSTEMPATH\Database\BaseConnection.php(646): CodeIgniter\Database\BaseConnection->simpleQuery('SELECT *
FROM `posting`
WHERE `id` = > $id
 LIMIT 1')
 4 SYSTEMPATH\Database\BaseBuilder.php(1637): CodeIgniter\Database\BaseConnection->query('SELECT *
FROM `posting`
WHERE `id` = > $id
 LIMIT 1', [], false)
 5 SYSTEMPATH\Model.php(330): CodeIgniter\Database\BaseBuilder->get()
 6 SYSTEMPATH\BaseModel.php(714): CodeIgniter\Model->doFirst()
 7 APPPATH\Controllers\Berita.php(54): CodeIgniter\BaseModel->first()
 8 SYSTEMPATH\CodeIgniter.php(933): App\Controllers\Berita->edit('1')
 9 SYSTEMPATH\CodeIgniter.php(509): CodeIgniter\CodeIgniter->runController(Object(App\Controllers\Berita))
10 SYSTEMPATH\CodeIgniter.php(355): CodeIgniter\CodeIgniter->handleRequest(null, Object(Config\Cache), false)
11 SYSTEMPATH\Boot.php(325): CodeIgniter\CodeIgniter->run()
12 SYSTEMPATH\Boot.php(67): CodeIgniter\Boot::runCodeIgniter(Object(CodeIgniter\CodeIgniter))
13 FCPATH\index.php(56): CodeIgniter\Boot::bootWeb(Object(Config\Paths))
14 SYSTEMPATH\Commands\Server\rewrite.php(49): require_once('C:\\laragon\\www\\ci4berita\\public\\index.php')
ERROR - 2024-06-25 08:46:48 --> mysqli_sql_exception: You have an error in your SQL syntax; check the manual that corresponds to your MySQL server version for the right syntax to use near '> $id
 LIMIT 1' at line 3 in C:\laragon\www\ci4berita\vendor\codeigniter4\framework\system\Database\MySQLi\Connection.php:310
Stack trace:
#0 C:\laragon\www\ci4berita\vendor\codeigniter4\framework\system\Database\MySQLi\Connection.php(310): mysqli->query('SELECT *\nFROM `...', 0)
#1 C:\laragon\www\ci4berita\vendor\codeigniter4\framework\system\Database\BaseConnection.php(732): CodeIgniter\Database\MySQLi\Connection->execute('SELECT *\nFROM `...')
#2 C:\laragon\www\ci4berita\vendor\codeigniter4\framework\system\Database\BaseConnection.php(646): CodeIgniter\Database\BaseConnection->simpleQuery('SELECT *\nFROM `...')
#3 C:\laragon\www\ci4berita\vendor\codeigniter4\framework\system\Database\BaseBuilder.php(1637): CodeIgniter\Database\BaseConnection->query('SELECT *\nFROM `...', Array, false)
#4 C:\laragon\www\ci4berita\vendor\codeigniter4\framework\system\Model.php(330): CodeIgniter\Database\BaseBuilder->get()
#5 C:\laragon\www\ci4berita\vendor\codeigniter4\framework\system\BaseModel.php(714): CodeIgniter\Model->doFirst()
#6 C:\laragon\www\ci4berita\app\Controllers\Berita.php(54): CodeIgniter\BaseModel->first()
#7 C:\laragon\www\ci4berita\vendor\codeigniter4\framework\system\CodeIgniter.php(933): App\Controllers\Berita->edit('1')
#8 C:\laragon\www\ci4berita\vendor\codeigniter4\framework\system\CodeIgniter.php(509): CodeIgniter\CodeIgniter->runController(Object(App\Controllers\Berita))
#9 C:\laragon\www\ci4berita\vendor\codeigniter4\framework\system\CodeIgniter.php(355): CodeIgniter\CodeIgniter->handleRequest(NULL, Object(Config\Cache), false)
#10 C:\laragon\www\ci4berita\vendor\codeigniter4\framework\system\Boot.php(325): CodeIgniter\CodeIgniter->run()
#11 C:\laragon\www\ci4berita\vendor\codeigniter4\framework\system\Boot.php(67): CodeIgniter\Boot::runCodeIgniter(Object(CodeIgniter\CodeIgniter))
#12 C:\laragon\www\ci4berita\public\index.php(56): CodeIgniter\Boot::bootWeb(Object(Config\Paths))
#13 C:\laragon\www\ci4berita\vendor\codeigniter4\framework\system\Commands\Server\rewrite.php(49): require_once('C:\\laragon\\www\\...')
#14 {main}
CRITICAL - 2024-06-25 08:46:48 --> CodeIgniter\Database\Exceptions\DatabaseException: You have an error in your SQL syntax; check the manual that corresponds to your MySQL server version for the right syntax to use near '> $id
 LIMIT 1' at line 3
[Method: GET, Route: berita/edit/1]
in SYSTEMPATH\Database\BaseConnection.php on line 686.
 1 SYSTEMPATH\Database\BaseBuilder.php(1637): CodeIgniter\Database\BaseConnection->query('SELECT *
FROM `posting`
WHERE `id` = > $id
 LIMIT 1', [], false)
 2 SYSTEMPATH\Model.php(330): CodeIgniter\Database\BaseBuilder->get()
 3 SYSTEMPATH\BaseModel.php(714): CodeIgniter\Model->doFirst()
 4 APPPATH\Controllers\Berita.php(54): CodeIgniter\BaseModel->first()
 5 SYSTEMPATH\CodeIgniter.php(933): App\Controllers\Berita->edit('1')
 6 SYSTEMPATH\CodeIgniter.php(509): CodeIgniter\CodeIgniter->runController(Object(App\Controllers\Berita))
 7 SYSTEMPATH\CodeIgniter.php(355): CodeIgniter\CodeIgniter->handleRequest(null, Object(Config\Cache), false)
 8 SYSTEMPATH\Boot.php(325): CodeIgniter\CodeIgniter->run()
 9 SYSTEMPATH\Boot.php(67): CodeIgniter\Boot::runCodeIgniter(Object(CodeIgniter\CodeIgniter))
10 FCPATH\index.php(56): CodeIgniter\Boot::bootWeb(Object(Config\Paths))
11 SYSTEMPATH\Commands\Server\rewrite.php(49): require_once('C:\\laragon\\www\\ci4berita\\public\\index.php')
CRITICAL - 2024-06-25 08:46:48 --> [Caused by] CodeIgniter\Database\Exceptions\DatabaseException: You have an error in your SQL syntax; check the manual that corresponds to your MySQL server version for the right syntax to use near '> $id
 LIMIT 1' at line 3
in SYSTEMPATH\Database\MySQLi\Connection.php on line 315.
 1 SYSTEMPATH\Database\BaseConnection.php(732): CodeIgniter\Database\MySQLi\Connection->execute('SELECT *
FROM `posting`
WHERE `id` = > $id
 LIMIT 1')
 2 SYSTEMPATH\Database\BaseConnection.php(646): CodeIgniter\Database\BaseConnection->simpleQuery('SELECT *
FROM `posting`
WHERE `id` = > $id
 LIMIT 1')
 3 SYSTEMPATH\Database\BaseBuilder.php(1637): CodeIgniter\Database\BaseConnection->query('SELECT *
FROM `posting`
WHERE `id` = > $id
 LIMIT 1', [], false)
 4 SYSTEMPATH\Model.php(330): CodeIgniter\Database\BaseBuilder->get()
 5 SYSTEMPATH\BaseModel.php(714): CodeIgniter\Model->doFirst()
 6 APPPATH\Controllers\Berita.php(54): CodeIgniter\BaseModel->first()
 7 SYSTEMPATH\CodeIgniter.php(933): App\Controllers\Berita->edit('1')
 8 SYSTEMPATH\CodeIgniter.php(509): CodeIgniter\CodeIgniter->runController(Object(App\Controllers\Berita))
 9 SYSTEMPATH\CodeIgniter.php(355): CodeIgniter\CodeIgniter->handleRequest(null, Object(Config\Cache), false)
10 SYSTEMPATH\Boot.php(325): CodeIgniter\CodeIgniter->run()
11 SYSTEMPATH\Boot.php(67): CodeIgniter\Boot::runCodeIgniter(Object(CodeIgniter\CodeIgniter))
12 FCPATH\index.php(56): CodeIgniter\Boot::bootWeb(Object(Config\Paths))
13 SYSTEMPATH\Commands\Server\rewrite.php(49): require_once('C:\\laragon\\www\\ci4berita\\public\\index.php')
CRITICAL - 2024-06-25 08:46:48 --> [Caused by] mysqli_sql_exception: You have an error in your SQL syntax; check the manual that corresponds to your MySQL server version for the right syntax to use near '> $id
 LIMIT 1' at line 3
in SYSTEMPATH\Database\MySQLi\Connection.php on line 310.
 1 SYSTEMPATH\Database\MySQLi\Connection.php(310): mysqli->query('SELECT *
FROM `posting`
WHERE `id` = > $id
 LIMIT 1', 0)
 2 SYSTEMPATH\Database\BaseConnection.php(732): CodeIgniter\Database\MySQLi\Connection->execute('SELECT *
FROM `posting`
WHERE `id` = > $id
 LIMIT 1')
 3 SYSTEMPATH\Database\BaseConnection.php(646): CodeIgniter\Database\BaseConnection->simpleQuery('SELECT *
FROM `posting`
WHERE `id` = > $id
 LIMIT 1')
 4 SYSTEMPATH\Database\BaseBuilder.php(1637): CodeIgniter\Database\BaseConnection->query('SELECT *
FROM `posting`
WHERE `id` = > $id
 LIMIT 1', [], false)
 5 SYSTEMPATH\Model.php(330): CodeIgniter\Database\BaseBuilder->get()
 6 SYSTEMPATH\BaseModel.php(714): CodeIgniter\Model->doFirst()
 7 APPPATH\Controllers\Berita.php(54): CodeIgniter\BaseModel->first()
 8 SYSTEMPATH\CodeIgniter.php(933): App\Controllers\Berita->edit('1')
 9 SYSTEMPATH\CodeIgniter.php(509): CodeIgniter\CodeIgniter->runController(Object(App\Controllers\Berita))
10 SYSTEMPATH\CodeIgniter.php(355): CodeIgniter\CodeIgniter->handleRequest(null, Object(Config\Cache), false)
11 SYSTEMPATH\Boot.php(325): CodeIgniter\CodeIgniter->run()
12 SYSTEMPATH\Boot.php(67): CodeIgniter\Boot::runCodeIgniter(Object(CodeIgniter\CodeIgniter))
13 FCPATH\index.php(56): CodeIgniter\Boot::bootWeb(Object(Config\Paths))
14 SYSTEMPATH\Commands\Server\rewrite.php(49): require_once('C:\\laragon\\www\\ci4berita\\public\\index.php')
ERROR - 2024-06-25 08:48:14 --> mysqli_sql_exception: You have an error in your SQL syntax; check the manual that corresponds to your MySQL server version for the right syntax to use near '> $id
 LIMIT 1' at line 3 in C:\laragon\www\ci4berita\vendor\codeigniter4\framework\system\Database\MySQLi\Connection.php:310
Stack trace:
#0 C:\laragon\www\ci4berita\vendor\codeigniter4\framework\system\Database\MySQLi\Connection.php(310): mysqli->query('SELECT *\nFROM `...', 0)
#1 C:\laragon\www\ci4berita\vendor\codeigniter4\framework\system\Database\BaseConnection.php(732): CodeIgniter\Database\MySQLi\Connection->execute('SELECT *\nFROM `...')
#2 C:\laragon\www\ci4berita\vendor\codeigniter4\framework\system\Database\BaseConnection.php(646): CodeIgniter\Database\BaseConnection->simpleQuery('SELECT *\nFROM `...')
#3 C:\laragon\www\ci4berita\vendor\codeigniter4\framework\system\Database\BaseBuilder.php(1637): CodeIgniter\Database\BaseConnection->query('SELECT *\nFROM `...', Array, false)
#4 C:\laragon\www\ci4berita\vendor\codeigniter4\framework\system\Model.php(330): CodeIgniter\Database\BaseBuilder->get()
#5 C:\laragon\www\ci4berita\vendor\codeigniter4\framework\system\BaseModel.php(714): CodeIgniter\Model->doFirst()
#6 C:\laragon\www\ci4berita\app\Controllers\Berita.php(54): CodeIgniter\BaseModel->first()
#7 C:\laragon\www\ci4berita\vendor\codeigniter4\framework\system\CodeIgniter.php(933): App\Controllers\Berita->edit('1')
#8 C:\laragon\www\ci4berita\vendor\codeigniter4\framework\system\CodeIgniter.php(509): CodeIgniter\CodeIgniter->runController(Object(App\Controllers\Berita))
#9 C:\laragon\www\ci4berita\vendor\codeigniter4\framework\system\CodeIgniter.php(355): CodeIgniter\CodeIgniter->handleRequest(NULL, Object(Config\Cache), false)
#10 C:\laragon\www\ci4berita\vendor\codeigniter4\framework\system\Boot.php(325): CodeIgniter\CodeIgniter->run()
#11 C:\laragon\www\ci4berita\vendor\codeigniter4\framework\system\Boot.php(67): CodeIgniter\Boot::runCodeIgniter(Object(CodeIgniter\CodeIgniter))
#12 C:\laragon\www\ci4berita\public\index.php(56): CodeIgniter\Boot::bootWeb(Object(Config\Paths))
#13 C:\laragon\www\ci4berita\vendor\codeigniter4\framework\system\Commands\Server\rewrite.php(49): require_once('C:\\laragon\\www\\...')
#14 {main}
CRITICAL - 2024-06-25 08:48:14 --> CodeIgniter\Database\Exceptions\DatabaseException: You have an error in your SQL syntax; check the manual that corresponds to your MySQL server version for the right syntax to use near '> $id
 LIMIT 1' at line 3
[Method: GET, Route: berita/edit/1]
in SYSTEMPATH\Database\BaseConnection.php on line 686.
 1 SYSTEMPATH\Database\BaseBuilder.php(1637): CodeIgniter\Database\BaseConnection->query('SELECT *
FROM `posting`
WHERE `id` = > $id
 LIMIT 1', [], false)
 2 SYSTEMPATH\Model.php(330): CodeIgniter\Database\BaseBuilder->get()
 3 SYSTEMPATH\BaseModel.php(714): CodeIgniter\Model->doFirst()
 4 APPPATH\Controllers\Berita.php(54): CodeIgniter\BaseModel->first()
 5 SYSTEMPATH\CodeIgniter.php(933): App\Controllers\Berita->edit('1')
 6 SYSTEMPATH\CodeIgniter.php(509): CodeIgniter\CodeIgniter->runController(Object(App\Controllers\Berita))
 7 SYSTEMPATH\CodeIgniter.php(355): CodeIgniter\CodeIgniter->handleRequest(null, Object(Config\Cache), false)
 8 SYSTEMPATH\Boot.php(325): CodeIgniter\CodeIgniter->run()
 9 SYSTEMPATH\Boot.php(67): CodeIgniter\Boot::runCodeIgniter(Object(CodeIgniter\CodeIgniter))
10 FCPATH\index.php(56): CodeIgniter\Boot::bootWeb(Object(Config\Paths))
11 SYSTEMPATH\Commands\Server\rewrite.php(49): require_once('C:\\laragon\\www\\ci4berita\\public\\index.php')
CRITICAL - 2024-06-25 08:48:14 --> [Caused by] CodeIgniter\Database\Exceptions\DatabaseException: You have an error in your SQL syntax; check the manual that corresponds to your MySQL server version for the right syntax to use near '> $id
 LIMIT 1' at line 3
in SYSTEMPATH\Database\MySQLi\Connection.php on line 315.
 1 SYSTEMPATH\Database\BaseConnection.php(732): CodeIgniter\Database\MySQLi\Connection->execute('SELECT *
FROM `posting`
WHERE `id` = > $id
 LIMIT 1')
 2 SYSTEMPATH\Database\BaseConnection.php(646): CodeIgniter\Database\BaseConnection->simpleQuery('SELECT *
FROM `posting`
WHERE `id` = > $id
 LIMIT 1')
 3 SYSTEMPATH\Database\BaseBuilder.php(1637): CodeIgniter\Database\BaseConnection->query('SELECT *
FROM `posting`
WHERE `id` = > $id
 LIMIT 1', [], false)
 4 SYSTEMPATH\Model.php(330): CodeIgniter\Database\BaseBuilder->get()
 5 SYSTEMPATH\BaseModel.php(714): CodeIgniter\Model->doFirst()
 6 APPPATH\Controllers\Berita.php(54): CodeIgniter\BaseModel->first()
 7 SYSTEMPATH\CodeIgniter.php(933): App\Controllers\Berita->edit('1')
 8 SYSTEMPATH\CodeIgniter.php(509): CodeIgniter\CodeIgniter->runController(Object(App\Controllers\Berita))
 9 SYSTEMPATH\CodeIgniter.php(355): CodeIgniter\CodeIgniter->handleRequest(null, Object(Config\Cache), false)
10 SYSTEMPATH\Boot.php(325): CodeIgniter\CodeIgniter->run()
11 SYSTEMPATH\Boot.php(67): CodeIgniter\Boot::runCodeIgniter(Object(CodeIgniter\CodeIgniter))
12 FCPATH\index.php(56): CodeIgniter\Boot::bootWeb(Object(Config\Paths))
13 SYSTEMPATH\Commands\Server\rewrite.php(49): require_once('C:\\laragon\\www\\ci4berita\\public\\index.php')
CRITICAL - 2024-06-25 08:48:14 --> [Caused by] mysqli_sql_exception: You have an error in your SQL syntax; check the manual that corresponds to your MySQL server version for the right syntax to use near '> $id
 LIMIT 1' at line 3
in SYSTEMPATH\Database\MySQLi\Connection.php on line 310.
 1 SYSTEMPATH\Database\MySQLi\Connection.php(310): mysqli->query('SELECT *
FROM `posting`
WHERE `id` = > $id
 LIMIT 1', 0)
 2 SYSTEMPATH\Database\BaseConnection.php(732): CodeIgniter\Database\MySQLi\Connection->execute('SELECT *
FROM `posting`
WHERE `id` = > $id
 LIMIT 1')
 3 SYSTEMPATH\Database\BaseConnection.php(646): CodeIgniter\Database\BaseConnection->simpleQuery('SELECT *
FROM `posting`
WHERE `id` = > $id
 LIMIT 1')
 4 SYSTEMPATH\Database\BaseBuilder.php(1637): CodeIgniter\Database\BaseConnection->query('SELECT *
FROM `posting`
WHERE `id` = > $id
 LIMIT 1', [], false)
 5 SYSTEMPATH\Model.php(330): CodeIgniter\Database\BaseBuilder->get()
 6 SYSTEMPATH\BaseModel.php(714): CodeIgniter\Model->doFirst()
 7 APPPATH\Controllers\Berita.php(54): CodeIgniter\BaseModel->first()
 8 SYSTEMPATH\CodeIgniter.php(933): App\Controllers\Berita->edit('1')
 9 SYSTEMPATH\CodeIgniter.php(509): CodeIgniter\CodeIgniter->runController(Object(App\Controllers\Berita))
10 SYSTEMPATH\CodeIgniter.php(355): CodeIgniter\CodeIgniter->handleRequest(null, Object(Config\Cache), false)
11 SYSTEMPATH\Boot.php(325): CodeIgniter\CodeIgniter->run()
12 SYSTEMPATH\Boot.php(67): CodeIgniter\Boot::runCodeIgniter(Object(CodeIgniter\CodeIgniter))
13 FCPATH\index.php(56): CodeIgniter\Boot::bootWeb(Object(Config\Paths))
14 SYSTEMPATH\Commands\Server\rewrite.php(49): require_once('C:\\laragon\\www\\ci4berita\\public\\index.php')
ERROR - 2024-06-25 08:59:13 --> mysqli_sql_exception: You have an error in your SQL syntax; check the manual that corresponds to your MySQL server version for the right syntax to use near '> $id
 LIMIT 1' at line 3 in C:\laragon\www\ci4berita\vendor\codeigniter4\framework\system\Database\MySQLi\Connection.php:310
Stack trace:
#0 C:\laragon\www\ci4berita\vendor\codeigniter4\framework\system\Database\MySQLi\Connection.php(310): mysqli->query('SELECT *\nFROM `...', 0)
#1 C:\laragon\www\ci4berita\vendor\codeigniter4\framework\system\Database\BaseConnection.php(732): CodeIgniter\Database\MySQLi\Connection->execute('SELECT *\nFROM `...')
#2 C:\laragon\www\ci4berita\vendor\codeigniter4\framework\system\Database\BaseConnection.php(646): CodeIgniter\Database\BaseConnection->simpleQuery('SELECT *\nFROM `...')
#3 C:\laragon\www\ci4berita\vendor\codeigniter4\framework\system\Database\BaseBuilder.php(1637): CodeIgniter\Database\BaseConnection->query('SELECT *\nFROM `...', Array, false)
#4 C:\laragon\www\ci4berita\vendor\codeigniter4\framework\system\Model.php(330): CodeIgniter\Database\BaseBuilder->get()
#5 C:\laragon\www\ci4berita\vendor\codeigniter4\framework\system\BaseModel.php(714): CodeIgniter\Model->doFirst()
#6 C:\laragon\www\ci4berita\app\Controllers\Berita.php(54): CodeIgniter\BaseModel->first()
#7 C:\laragon\www\ci4berita\vendor\codeigniter4\framework\system\CodeIgniter.php(933): App\Controllers\Berita->edit('2')
#8 C:\laragon\www\ci4berita\vendor\codeigniter4\framework\system\CodeIgniter.php(509): CodeIgniter\CodeIgniter->runController(Object(App\Controllers\Berita))
#9 C:\laragon\www\ci4berita\vendor\codeigniter4\framework\system\CodeIgniter.php(355): CodeIgniter\CodeIgniter->handleRequest(NULL, Object(Config\Cache), false)
#10 C:\laragon\www\ci4berita\vendor\codeigniter4\framework\system\Boot.php(325): CodeIgniter\CodeIgniter->run()
#11 C:\laragon\www\ci4berita\vendor\codeigniter4\framework\system\Boot.php(67): CodeIgniter\Boot::runCodeIgniter(Object(CodeIgniter\CodeIgniter))
#12 C:\laragon\www\ci4berita\public\index.php(56): CodeIgniter\Boot::bootWeb(Object(Config\Paths))
#13 C:\laragon\www\ci4berita\vendor\codeigniter4\framework\system\Commands\Server\rewrite.php(49): require_once('C:\\laragon\\www\\...')
#14 {main}
CRITICAL - 2024-06-25 08:59:13 --> CodeIgniter\Database\Exceptions\DatabaseException: You have an error in your SQL syntax; check the manual that corresponds to your MySQL server version for the right syntax to use near '> $id
 LIMIT 1' at line 3
[Method: GET, Route: berita/edit/2]
in SYSTEMPATH\Database\BaseConnection.php on line 686.
 1 SYSTEMPATH\Database\BaseBuilder.php(1637): CodeIgniter\Database\BaseConnection->query('SELECT *
FROM `posting`
WHERE `id` = > $id
 LIMIT 1', [], false)
 2 SYSTEMPATH\Model.php(330): CodeIgniter\Database\BaseBuilder->get()
 3 SYSTEMPATH\BaseModel.php(714): CodeIgniter\Model->doFirst()
 4 APPPATH\Controllers\Berita.php(54): CodeIgniter\BaseModel->first()
 5 SYSTEMPATH\CodeIgniter.php(933): App\Controllers\Berita->edit('2')
 6 SYSTEMPATH\CodeIgniter.php(509): CodeIgniter\CodeIgniter->runController(Object(App\Controllers\Berita))
 7 SYSTEMPATH\CodeIgniter.php(355): CodeIgniter\CodeIgniter->handleRequest(null, Object(Config\Cache), false)
 8 SYSTEMPATH\Boot.php(325): CodeIgniter\CodeIgniter->run()
 9 SYSTEMPATH\Boot.php(67): CodeIgniter\Boot::runCodeIgniter(Object(CodeIgniter\CodeIgniter))
10 FCPATH\index.php(56): CodeIgniter\Boot::bootWeb(Object(Config\Paths))
11 SYSTEMPATH\Commands\Server\rewrite.php(49): require_once('C:\\laragon\\www\\ci4berita\\public\\index.php')
CRITICAL - 2024-06-25 08:59:13 --> [Caused by] CodeIgniter\Database\Exceptions\DatabaseException: You have an error in your SQL syntax; check the manual that corresponds to your MySQL server version for the right syntax to use near '> $id
 LIMIT 1' at line 3
in SYSTEMPATH\Database\MySQLi\Connection.php on line 315.
 1 SYSTEMPATH\Database\BaseConnection.php(732): CodeIgniter\Database\MySQLi\Connection->execute('SELECT *
FROM `posting`
WHERE `id` = > $id
 LIMIT 1')
 2 SYSTEMPATH\Database\BaseConnection.php(646): CodeIgniter\Database\BaseConnection->simpleQuery('SELECT *
FROM `posting`
WHERE `id` = > $id
 LIMIT 1')
 3 SYSTEMPATH\Database\BaseBuilder.php(1637): CodeIgniter\Database\BaseConnection->query('SELECT *
FROM `posting`
WHERE `id` = > $id
 LIMIT 1', [], false)
 4 SYSTEMPATH\Model.php(330): CodeIgniter\Database\BaseBuilder->get()
 5 SYSTEMPATH\BaseModel.php(714): CodeIgniter\Model->doFirst()
 6 APPPATH\Controllers\Berita.php(54): CodeIgniter\BaseModel->first()
 7 SYSTEMPATH\CodeIgniter.php(933): App\Controllers\Berita->edit('2')
 8 SYSTEMPATH\CodeIgniter.php(509): CodeIgniter\CodeIgniter->runController(Object(App\Controllers\Berita))
 9 SYSTEMPATH\CodeIgniter.php(355): CodeIgniter\CodeIgniter->handleRequest(null, Object(Config\Cache), false)
10 SYSTEMPATH\Boot.php(325): CodeIgniter\CodeIgniter->run()
11 SYSTEMPATH\Boot.php(67): CodeIgniter\Boot::runCodeIgniter(Object(CodeIgniter\CodeIgniter))
12 FCPATH\index.php(56): CodeIgniter\Boot::bootWeb(Object(Config\Paths))
13 SYSTEMPATH\Commands\Server\rewrite.php(49): require_once('C:\\laragon\\www\\ci4berita\\public\\index.php')
CRITICAL - 2024-06-25 08:59:13 --> [Caused by] mysqli_sql_exception: You have an error in your SQL syntax; check the manual that corresponds to your MySQL server version for the right syntax to use near '> $id
 LIMIT 1' at line 3
in SYSTEMPATH\Database\MySQLi\Connection.php on line 310.
 1 SYSTEMPATH\Database\MySQLi\Connection.php(310): mysqli->query('SELECT *
FROM `posting`
WHERE `id` = > $id
 LIMIT 1', 0)
 2 SYSTEMPATH\Database\BaseConnection.php(732): CodeIgniter\Database\MySQLi\Connection->execute('SELECT *
FROM `posting`
WHERE `id` = > $id
 LIMIT 1')
 3 SYSTEMPATH\Database\BaseConnection.php(646): CodeIgniter\Database\BaseConnection->simpleQuery('SELECT *
FROM `posting`
WHERE `id` = > $id
 LIMIT 1')
 4 SYSTEMPATH\Database\BaseBuilder.php(1637): CodeIgniter\Database\BaseConnection->query('SELECT *
FROM `posting`
WHERE `id` = > $id
 LIMIT 1', [], false)
 5 SYSTEMPATH\Model.php(330): CodeIgniter\Database\BaseBuilder->get()
 6 SYSTEMPATH\BaseModel.php(714): CodeIgniter\Model->doFirst()
 7 APPPATH\Controllers\Berita.php(54): CodeIgniter\BaseModel->first()
 8 SYSTEMPATH\CodeIgniter.php(933): App\Controllers\Berita->edit('2')
 9 SYSTEMPATH\CodeIgniter.php(509): CodeIgniter\CodeIgniter->runController(Object(App\Controllers\Berita))
10 SYSTEMPATH\CodeIgniter.php(355): CodeIgniter\CodeIgniter->handleRequest(null, Object(Config\Cache), false)
11 SYSTEMPATH\Boot.php(325): CodeIgniter\CodeIgniter->run()
12 SYSTEMPATH\Boot.php(67): CodeIgniter\Boot::runCodeIgniter(Object(CodeIgniter\CodeIgniter))
13 FCPATH\index.php(56): CodeIgniter\Boot::bootWeb(Object(Config\Paths))
14 SYSTEMPATH\Commands\Server\rewrite.php(49): require_once('C:\\laragon\\www\\ci4berita\\public\\index.php')
ERROR - 2024-06-25 09:01:26 --> mysqli_sql_exception: You have an error in your SQL syntax; check the manual that corresponds to your MySQL server version for the right syntax to use near '> $id
 LIMIT 1' at line 3 in C:\laragon\www\ci4berita\vendor\codeigniter4\framework\system\Database\MySQLi\Connection.php:310
Stack trace:
#0 C:\laragon\www\ci4berita\vendor\codeigniter4\framework\system\Database\MySQLi\Connection.php(310): mysqli->query('SELECT *\nFROM `...', 0)
#1 C:\laragon\www\ci4berita\vendor\codeigniter4\framework\system\Database\BaseConnection.php(732): CodeIgniter\Database\MySQLi\Connection->execute('SELECT *\nFROM `...')
#2 C:\laragon\www\ci4berita\vendor\codeigniter4\framework\system\Database\BaseConnection.php(646): CodeIgniter\Database\BaseConnection->simpleQuery('SELECT *\nFROM `...')
#3 C:\laragon\www\ci4berita\vendor\codeigniter4\framework\system\Database\BaseBuilder.php(1637): CodeIgniter\Database\BaseConnection->query('SELECT *\nFROM `...', Array, false)
#4 C:\laragon\www\ci4berita\vendor\codeigniter4\framework\system\Model.php(330): CodeIgniter\Database\BaseBuilder->get()
#5 C:\laragon\www\ci4berita\vendor\codeigniter4\framework\system\BaseModel.php(714): CodeIgniter\Model->doFirst()
#6 C:\laragon\www\ci4berita\app\Controllers\Berita.php(54): CodeIgniter\BaseModel->first()
#7 C:\laragon\www\ci4berita\vendor\codeigniter4\framework\system\CodeIgniter.php(933): App\Controllers\Berita->edit('1')
#8 C:\laragon\www\ci4berita\vendor\codeigniter4\framework\system\CodeIgniter.php(509): CodeIgniter\CodeIgniter->runController(Object(App\Controllers\Berita))
#9 C:\laragon\www\ci4berita\vendor\codeigniter4\framework\system\CodeIgniter.php(355): CodeIgniter\CodeIgniter->handleRequest(NULL, Object(Config\Cache), false)
#10 C:\laragon\www\ci4berita\vendor\codeigniter4\framework\system\Boot.php(325): CodeIgniter\CodeIgniter->run()
#11 C:\laragon\www\ci4berita\vendor\codeigniter4\framework\system\Boot.php(67): CodeIgniter\Boot::runCodeIgniter(Object(CodeIgniter\CodeIgniter))
#12 C:\laragon\www\ci4berita\public\index.php(56): CodeIgniter\Boot::bootWeb(Object(Config\Paths))
#13 C:\laragon\www\ci4berita\vendor\codeigniter4\framework\system\Commands\Server\rewrite.php(49): require_once('C:\\laragon\\www\\...')
#14 {main}
CRITICAL - 2024-06-25 09:01:26 --> CodeIgniter\Database\Exceptions\DatabaseException: You have an error in your SQL syntax; check the manual that corresponds to your MySQL server version for the right syntax to use near '> $id
 LIMIT 1' at line 3
[Method: GET, Route: berita/edit/1]
in SYSTEMPATH\Database\BaseConnection.php on line 686.
 1 SYSTEMPATH\Database\BaseBuilder.php(1637): CodeIgniter\Database\BaseConnection->query('SELECT *
FROM `posting`
WHERE `id` = > $id
 LIMIT 1', [], false)
 2 SYSTEMPATH\Model.php(330): CodeIgniter\Database\BaseBuilder->get()
 3 SYSTEMPATH\BaseModel.php(714): CodeIgniter\Model->doFirst()
 4 APPPATH\Controllers\Berita.php(54): CodeIgniter\BaseModel->first()
 5 SYSTEMPATH\CodeIgniter.php(933): App\Controllers\Berita->edit('1')
 6 SYSTEMPATH\CodeIgniter.php(509): CodeIgniter\CodeIgniter->runController(Object(App\Controllers\Berita))
 7 SYSTEMPATH\CodeIgniter.php(355): CodeIgniter\CodeIgniter->handleRequest(null, Object(Config\Cache), false)
 8 SYSTEMPATH\Boot.php(325): CodeIgniter\CodeIgniter->run()
 9 SYSTEMPATH\Boot.php(67): CodeIgniter\Boot::runCodeIgniter(Object(CodeIgniter\CodeIgniter))
10 FCPATH\index.php(56): CodeIgniter\Boot::bootWeb(Object(Config\Paths))
11 SYSTEMPATH\Commands\Server\rewrite.php(49): require_once('C:\\laragon\\www\\ci4berita\\public\\index.php')
CRITICAL - 2024-06-25 09:01:26 --> [Caused by] CodeIgniter\Database\Exceptions\DatabaseException: You have an error in your SQL syntax; check the manual that corresponds to your MySQL server version for the right syntax to use near '> $id
 LIMIT 1' at line 3
in SYSTEMPATH\Database\MySQLi\Connection.php on line 315.
 1 SYSTEMPATH\Database\BaseConnection.php(732): CodeIgniter\Database\MySQLi\Connection->execute('SELECT *
FROM `posting`
WHERE `id` = > $id
 LIMIT 1')
 2 SYSTEMPATH\Database\BaseConnection.php(646): CodeIgniter\Database\BaseConnection->simpleQuery('SELECT *
FROM `posting`
WHERE `id` = > $id
 LIMIT 1')
 3 SYSTEMPATH\Database\BaseBuilder.php(1637): CodeIgniter\Database\BaseConnection->query('SELECT *
FROM `posting`
WHERE `id` = > $id
 LIMIT 1', [], false)
 4 SYSTEMPATH\Model.php(330): CodeIgniter\Database\BaseBuilder->get()
 5 SYSTEMPATH\BaseModel.php(714): CodeIgniter\Model->doFirst()
 6 APPPATH\Controllers\Berita.php(54): CodeIgniter\BaseModel->first()
 7 SYSTEMPATH\CodeIgniter.php(933): App\Controllers\Berita->edit('1')
 8 SYSTEMPATH\CodeIgniter.php(509): CodeIgniter\CodeIgniter->runController(Object(App\Controllers\Berita))
 9 SYSTEMPATH\CodeIgniter.php(355): CodeIgniter\CodeIgniter->handleRequest(null, Object(Config\Cache), false)
10 SYSTEMPATH\Boot.php(325): CodeIgniter\CodeIgniter->run()
11 SYSTEMPATH\Boot.php(67): CodeIgniter\Boot::runCodeIgniter(Object(CodeIgniter\CodeIgniter))
12 FCPATH\index.php(56): CodeIgniter\Boot::bootWeb(Object(Config\Paths))
13 SYSTEMPATH\Commands\Server\rewrite.php(49): require_once('C:\\laragon\\www\\ci4berita\\public\\index.php')
CRITICAL - 2024-06-25 09:01:26 --> [Caused by] mysqli_sql_exception: You have an error in your SQL syntax; check the manual that corresponds to your MySQL server version for the right syntax to use near '> $id
 LIMIT 1' at line 3
in SYSTEMPATH\Database\MySQLi\Connection.php on line 310.
 1 SYSTEMPATH\Database\MySQLi\Connection.php(310): mysqli->query('SELECT *
FROM `posting`
WHERE `id` = > $id
 LIMIT 1', 0)
 2 SYSTEMPATH\Database\BaseConnection.php(732): CodeIgniter\Database\MySQLi\Connection->execute('SELECT *
FROM `posting`
WHERE `id` = > $id
 LIMIT 1')
 3 SYSTEMPATH\Database\BaseConnection.php(646): CodeIgniter\Database\BaseConnection->simpleQuery('SELECT *
FROM `posting`
WHERE `id` = > $id
 LIMIT 1')
 4 SYSTEMPATH\Database\BaseBuilder.php(1637): CodeIgniter\Database\BaseConnection->query('SELECT *
FROM `posting`
WHERE `id` = > $id
 LIMIT 1', [], false)
 5 SYSTEMPATH\Model.php(330): CodeIgniter\Database\BaseBuilder->get()
 6 SYSTEMPATH\BaseModel.php(714): CodeIgniter\Model->doFirst()
 7 APPPATH\Controllers\Berita.php(54): CodeIgniter\BaseModel->first()
 8 SYSTEMPATH\CodeIgniter.php(933): App\Controllers\Berita->edit('1')
 9 SYSTEMPATH\CodeIgniter.php(509): CodeIgniter\CodeIgniter->runController(Object(App\Controllers\Berita))
10 SYSTEMPATH\CodeIgniter.php(355): CodeIgniter\CodeIgniter->handleRequest(null, Object(Config\Cache), false)
11 SYSTEMPATH\Boot.php(325): CodeIgniter\CodeIgniter->run()
12 SYSTEMPATH\Boot.php(67): CodeIgniter\Boot::runCodeIgniter(Object(CodeIgniter\CodeIgniter))
13 FCPATH\index.php(56): CodeIgniter\Boot::bootWeb(Object(Config\Paths))
14 SYSTEMPATH\Commands\Server\rewrite.php(49): require_once('C:\\laragon\\www\\ci4berita\\public\\index.php')
ERROR - 2024-06-25 09:02:34 --> mysqli_sql_exception: You have an error in your SQL syntax; check the manual that corresponds to your MySQL server version for the right syntax to use near '> $id
 LIMIT 1' at line 3 in C:\laragon\www\ci4berita\vendor\codeigniter4\framework\system\Database\MySQLi\Connection.php:310
Stack trace:
#0 C:\laragon\www\ci4berita\vendor\codeigniter4\framework\system\Database\MySQLi\Connection.php(310): mysqli->query('SELECT *\nFROM `...', 0)
#1 C:\laragon\www\ci4berita\vendor\codeigniter4\framework\system\Database\BaseConnection.php(732): CodeIgniter\Database\MySQLi\Connection->execute('SELECT *\nFROM `...')
#2 C:\laragon\www\ci4berita\vendor\codeigniter4\framework\system\Database\BaseConnection.php(646): CodeIgniter\Database\BaseConnection->simpleQuery('SELECT *\nFROM `...')
#3 C:\laragon\www\ci4berita\vendor\codeigniter4\framework\system\Database\BaseBuilder.php(1637): CodeIgniter\Database\BaseConnection->query('SELECT *\nFROM `...', Array, false)
#4 C:\laragon\www\ci4berita\vendor\codeigniter4\framework\system\Model.php(330): CodeIgniter\Database\BaseBuilder->get()
#5 C:\laragon\www\ci4berita\vendor\codeigniter4\framework\system\BaseModel.php(714): CodeIgniter\Model->doFirst()
#6 C:\laragon\www\ci4berita\app\Controllers\Berita.php(54): CodeIgniter\BaseModel->first()
#7 C:\laragon\www\ci4berita\vendor\codeigniter4\framework\system\CodeIgniter.php(933): App\Controllers\Berita->edit('1')
#8 C:\laragon\www\ci4berita\vendor\codeigniter4\framework\system\CodeIgniter.php(509): CodeIgniter\CodeIgniter->runController(Object(App\Controllers\Berita))
#9 C:\laragon\www\ci4berita\vendor\codeigniter4\framework\system\CodeIgniter.php(355): CodeIgniter\CodeIgniter->handleRequest(NULL, Object(Config\Cache), false)
#10 C:\laragon\www\ci4berita\vendor\codeigniter4\framework\system\Boot.php(325): CodeIgniter\CodeIgniter->run()
#11 C:\laragon\www\ci4berita\vendor\codeigniter4\framework\system\Boot.php(67): CodeIgniter\Boot::runCodeIgniter(Object(CodeIgniter\CodeIgniter))
#12 C:\laragon\www\ci4berita\public\index.php(56): CodeIgniter\Boot::bootWeb(Object(Config\Paths))
#13 C:\laragon\www\ci4berita\vendor\codeigniter4\framework\system\Commands\Server\rewrite.php(49): require_once('C:\\laragon\\www\\...')
#14 {main}
CRITICAL - 2024-06-25 09:02:34 --> CodeIgniter\Database\Exceptions\DatabaseException: You have an error in your SQL syntax; check the manual that corresponds to your MySQL server version for the right syntax to use near '> $id
 LIMIT 1' at line 3
[Method: GET, Route: berita/edit/1]
in SYSTEMPATH\Database\BaseConnection.php on line 686.
 1 SYSTEMPATH\Database\BaseBuilder.php(1637): CodeIgniter\Database\BaseConnection->query('SELECT *
FROM `posting`
WHERE `id` = > $id
 LIMIT 1', [], false)
 2 SYSTEMPATH\Model.php(330): CodeIgniter\Database\BaseBuilder->get()
 3 SYSTEMPATH\BaseModel.php(714): CodeIgniter\Model->doFirst()
 4 APPPATH\Controllers\Berita.php(54): CodeIgniter\BaseModel->first()
 5 SYSTEMPATH\CodeIgniter.php(933): App\Controllers\Berita->edit('1')
 6 SYSTEMPATH\CodeIgniter.php(509): CodeIgniter\CodeIgniter->runController(Object(App\Controllers\Berita))
 7 SYSTEMPATH\CodeIgniter.php(355): CodeIgniter\CodeIgniter->handleRequest(null, Object(Config\Cache), false)
 8 SYSTEMPATH\Boot.php(325): CodeIgniter\CodeIgniter->run()
 9 SYSTEMPATH\Boot.php(67): CodeIgniter\Boot::runCodeIgniter(Object(CodeIgniter\CodeIgniter))
10 FCPATH\index.php(56): CodeIgniter\Boot::bootWeb(Object(Config\Paths))
11 SYSTEMPATH\Commands\Server\rewrite.php(49): require_once('C:\\laragon\\www\\ci4berita\\public\\index.php')
CRITICAL - 2024-06-25 09:02:34 --> [Caused by] CodeIgniter\Database\Exceptions\DatabaseException: You have an error in your SQL syntax; check the manual that corresponds to your MySQL server version for the right syntax to use near '> $id
 LIMIT 1' at line 3
in SYSTEMPATH\Database\MySQLi\Connection.php on line 315.
 1 SYSTEMPATH\Database\BaseConnection.php(732): CodeIgniter\Database\MySQLi\Connection->execute('SELECT *
FROM `posting`
WHERE `id` = > $id
 LIMIT 1')
 2 SYSTEMPATH\Database\BaseConnection.php(646): CodeIgniter\Database\BaseConnection->simpleQuery('SELECT *
FROM `posting`
WHERE `id` = > $id
 LIMIT 1')
 3 SYSTEMPATH\Database\BaseBuilder.php(1637): CodeIgniter\Database\BaseConnection->query('SELECT *
FROM `posting`
WHERE `id` = > $id
 LIMIT 1', [], false)
 4 SYSTEMPATH\Model.php(330): CodeIgniter\Database\BaseBuilder->get()
 5 SYSTEMPATH\BaseModel.php(714): CodeIgniter\Model->doFirst()
 6 APPPATH\Controllers\Berita.php(54): CodeIgniter\BaseModel->first()
 7 SYSTEMPATH\CodeIgniter.php(933): App\Controllers\Berita->edit('1')
 8 SYSTEMPATH\CodeIgniter.php(509): CodeIgniter\CodeIgniter->runController(Object(App\Controllers\Berita))
 9 SYSTEMPATH\CodeIgniter.php(355): CodeIgniter\CodeIgniter->handleRequest(null, Object(Config\Cache), false)
10 SYSTEMPATH\Boot.php(325): CodeIgniter\CodeIgniter->run()
11 SYSTEMPATH\Boot.php(67): CodeIgniter\Boot::runCodeIgniter(Object(CodeIgniter\CodeIgniter))
12 FCPATH\index.php(56): CodeIgniter\Boot::bootWeb(Object(Config\Paths))
13 SYSTEMPATH\Commands\Server\rewrite.php(49): require_once('C:\\laragon\\www\\ci4berita\\public\\index.php')
CRITICAL - 2024-06-25 09:02:34 --> [Caused by] mysqli_sql_exception: You have an error in your SQL syntax; check the manual that corresponds to your MySQL server version for the right syntax to use near '> $id
 LIMIT 1' at line 3
in SYSTEMPATH\Database\MySQLi\Connection.php on line 310.
 1 SYSTEMPATH\Database\MySQLi\Connection.php(310): mysqli->query('SELECT *
FROM `posting`
WHERE `id` = > $id
 LIMIT 1', 0)
 2 SYSTEMPATH\Database\BaseConnection.php(732): CodeIgniter\Database\MySQLi\Connection->execute('SELECT *
FROM `posting`
WHERE `id` = > $id
 LIMIT 1')
 3 SYSTEMPATH\Database\BaseConnection.php(646): CodeIgniter\Database\BaseConnection->simpleQuery('SELECT *
FROM `posting`
WHERE `id` = > $id
 LIMIT 1')
 4 SYSTEMPATH\Database\BaseBuilder.php(1637): CodeIgniter\Database\BaseConnection->query('SELECT *
FROM `posting`
WHERE `id` = > $id
 LIMIT 1', [], false)
 5 SYSTEMPATH\Model.php(330): CodeIgniter\Database\BaseBuilder->get()
 6 SYSTEMPATH\BaseModel.php(714): CodeIgniter\Model->doFirst()
 7 APPPATH\Controllers\Berita.php(54): CodeIgniter\BaseModel->first()
 8 SYSTEMPATH\CodeIgniter.php(933): App\Controllers\Berita->edit('1')
 9 SYSTEMPATH\CodeIgniter.php(509): CodeIgniter\CodeIgniter->runController(Object(App\Controllers\Berita))
10 SYSTEMPATH\CodeIgniter.php(355): CodeIgniter\CodeIgniter->handleRequest(null, Object(Config\Cache), false)
11 SYSTEMPATH\Boot.php(325): CodeIgniter\CodeIgniter->run()
12 SYSTEMPATH\Boot.php(67): CodeIgniter\Boot::runCodeIgniter(Object(CodeIgniter\CodeIgniter))
13 FCPATH\index.php(56): CodeIgniter\Boot::bootWeb(Object(Config\Paths))
14 SYSTEMPATH\Commands\Server\rewrite.php(49): require_once('C:\\laragon\\www\\ci4berita\\public\\index.php')
ERROR - 2024-06-25 09:04:51 --> mysqli_sql_exception: You have an error in your SQL syntax; check the manual that corresponds to your MySQL server version for the right syntax to use near '> $id
 LIMIT 1' at line 3 in C:\laragon\www\ci4berita\vendor\codeigniter4\framework\system\Database\MySQLi\Connection.php:310
Stack trace:
#0 C:\laragon\www\ci4berita\vendor\codeigniter4\framework\system\Database\MySQLi\Connection.php(310): mysqli->query('SELECT *\nFROM `...', 0)
#1 C:\laragon\www\ci4berita\vendor\codeigniter4\framework\system\Database\BaseConnection.php(732): CodeIgniter\Database\MySQLi\Connection->execute('SELECT *\nFROM `...')
#2 C:\laragon\www\ci4berita\vendor\codeigniter4\framework\system\Database\BaseConnection.php(646): CodeIgniter\Database\BaseConnection->simpleQuery('SELECT *\nFROM `...')
#3 C:\laragon\www\ci4berita\vendor\codeigniter4\framework\system\Database\BaseBuilder.php(1637): CodeIgniter\Database\BaseConnection->query('SELECT *\nFROM `...', Array, false)
#4 C:\laragon\www\ci4berita\vendor\codeigniter4\framework\system\Model.php(330): CodeIgniter\Database\BaseBuilder->get()
#5 C:\laragon\www\ci4berita\vendor\codeigniter4\framework\system\BaseModel.php(714): CodeIgniter\Model->doFirst()
#6 C:\laragon\www\ci4berita\app\Controllers\Berita.php(54): CodeIgniter\BaseModel->first()
#7 C:\laragon\www\ci4berita\vendor\codeigniter4\framework\system\CodeIgniter.php(933): App\Controllers\Berita->edit('1')
#8 C:\laragon\www\ci4berita\vendor\codeigniter4\framework\system\CodeIgniter.php(509): CodeIgniter\CodeIgniter->runController(Object(App\Controllers\Berita))
#9 C:\laragon\www\ci4berita\vendor\codeigniter4\framework\system\CodeIgniter.php(355): CodeIgniter\CodeIgniter->handleRequest(NULL, Object(Config\Cache), false)
#10 C:\laragon\www\ci4berita\vendor\codeigniter4\framework\system\Boot.php(325): CodeIgniter\CodeIgniter->run()
#11 C:\laragon\www\ci4berita\vendor\codeigniter4\framework\system\Boot.php(67): CodeIgniter\Boot::runCodeIgniter(Object(CodeIgniter\CodeIgniter))
#12 C:\laragon\www\ci4berita\public\index.php(56): CodeIgniter\Boot::bootWeb(Object(Config\Paths))
#13 C:\laragon\www\ci4berita\vendor\codeigniter4\framework\system\Commands\Server\rewrite.php(49): require_once('C:\\laragon\\www\\...')
#14 {main}
CRITICAL - 2024-06-25 09:04:51 --> CodeIgniter\Database\Exceptions\DatabaseException: You have an error in your SQL syntax; check the manual that corresponds to your MySQL server version for the right syntax to use near '> $id
 LIMIT 1' at line 3
[Method: GET, Route: berita/edit/1]
in SYSTEMPATH\Database\BaseConnection.php on line 686.
 1 SYSTEMPATH\Database\BaseBuilder.php(1637): CodeIgniter\Database\BaseConnection->query('SELECT *
FROM `posting`
WHERE `id` = > $id
 LIMIT 1', [], false)
 2 SYSTEMPATH\Model.php(330): CodeIgniter\Database\BaseBuilder->get()
 3 SYSTEMPATH\BaseModel.php(714): CodeIgniter\Model->doFirst()
 4 APPPATH\Controllers\Berita.php(54): CodeIgniter\BaseModel->first()
 5 SYSTEMPATH\CodeIgniter.php(933): App\Controllers\Berita->edit('1')
 6 SYSTEMPATH\CodeIgniter.php(509): CodeIgniter\CodeIgniter->runController(Object(App\Controllers\Berita))
 7 SYSTEMPATH\CodeIgniter.php(355): CodeIgniter\CodeIgniter->handleRequest(null, Object(Config\Cache), false)
 8 SYSTEMPATH\Boot.php(325): CodeIgniter\CodeIgniter->run()
 9 SYSTEMPATH\Boot.php(67): CodeIgniter\Boot::runCodeIgniter(Object(CodeIgniter\CodeIgniter))
10 FCPATH\index.php(56): CodeIgniter\Boot::bootWeb(Object(Config\Paths))
11 SYSTEMPATH\Commands\Server\rewrite.php(49): require_once('C:\\laragon\\www\\ci4berita\\public\\index.php')
CRITICAL - 2024-06-25 09:04:51 --> [Caused by] CodeIgniter\Database\Exceptions\DatabaseException: You have an error in your SQL syntax; check the manual that corresponds to your MySQL server version for the right syntax to use near '> $id
 LIMIT 1' at line 3
in SYSTEMPATH\Database\MySQLi\Connection.php on line 315.
 1 SYSTEMPATH\Database\BaseConnection.php(732): CodeIgniter\Database\MySQLi\Connection->execute('SELECT *
FROM `posting`
WHERE `id` = > $id
 LIMIT 1')
 2 SYSTEMPATH\Database\BaseConnection.php(646): CodeIgniter\Database\BaseConnection->simpleQuery('SELECT *
FROM `posting`
WHERE `id` = > $id
 LIMIT 1')
 3 SYSTEMPATH\Database\BaseBuilder.php(1637): CodeIgniter\Database\BaseConnection->query('SELECT *
FROM `posting`
WHERE `id` = > $id
 LIMIT 1', [], false)
 4 SYSTEMPATH\Model.php(330): CodeIgniter\Database\BaseBuilder->get()
 5 SYSTEMPATH\BaseModel.php(714): CodeIgniter\Model->doFirst()
 6 APPPATH\Controllers\Berita.php(54): CodeIgniter\BaseModel->first()
 7 SYSTEMPATH\CodeIgniter.php(933): App\Controllers\Berita->edit('1')
 8 SYSTEMPATH\CodeIgniter.php(509): CodeIgniter\CodeIgniter->runController(Object(App\Controllers\Berita))
 9 SYSTEMPATH\CodeIgniter.php(355): CodeIgniter\CodeIgniter->handleRequest(null, Object(Config\Cache), false)
10 SYSTEMPATH\Boot.php(325): CodeIgniter\CodeIgniter->run()
11 SYSTEMPATH\Boot.php(67): CodeIgniter\Boot::runCodeIgniter(Object(CodeIgniter\CodeIgniter))
12 FCPATH\index.php(56): CodeIgniter\Boot::bootWeb(Object(Config\Paths))
13 SYSTEMPATH\Commands\Server\rewrite.php(49): require_once('C:\\laragon\\www\\ci4berita\\public\\index.php')
CRITICAL - 2024-06-25 09:04:51 --> [Caused by] mysqli_sql_exception: You have an error in your SQL syntax; check the manual that corresponds to your MySQL server version for the right syntax to use near '> $id
 LIMIT 1' at line 3
in SYSTEMPATH\Database\MySQLi\Connection.php on line 310.
 1 SYSTEMPATH\Database\MySQLi\Connection.php(310): mysqli->query('SELECT *
FROM `posting`
WHERE `id` = > $id
 LIMIT 1', 0)
 2 SYSTEMPATH\Database\BaseConnection.php(732): CodeIgniter\Database\MySQLi\Connection->execute('SELECT *
FROM `posting`
WHERE `id` = > $id
 LIMIT 1')
 3 SYSTEMPATH\Database\BaseConnection.php(646): CodeIgniter\Database\BaseConnection->simpleQuery('SELECT *
FROM `posting`
WHERE `id` = > $id
 LIMIT 1')
 4 SYSTEMPATH\Database\BaseBuilder.php(1637): CodeIgniter\Database\BaseConnection->query('SELECT *
FROM `posting`
WHERE `id` = > $id
 LIMIT 1', [], false)
 5 SYSTEMPATH\Model.php(330): CodeIgniter\Database\BaseBuilder->get()
 6 SYSTEMPATH\BaseModel.php(714): CodeIgniter\Model->doFirst()
 7 APPPATH\Controllers\Berita.php(54): CodeIgniter\BaseModel->first()
 8 SYSTEMPATH\CodeIgniter.php(933): App\Controllers\Berita->edit('1')
 9 SYSTEMPATH\CodeIgniter.php(509): CodeIgniter\CodeIgniter->runController(Object(App\Controllers\Berita))
10 SYSTEMPATH\CodeIgniter.php(355): CodeIgniter\CodeIgniter->handleRequest(null, Object(Config\Cache), false)
11 SYSTEMPATH\Boot.php(325): CodeIgniter\CodeIgniter->run()
12 SYSTEMPATH\Boot.php(67): CodeIgniter\Boot::runCodeIgniter(Object(CodeIgniter\CodeIgniter))
13 FCPATH\index.php(56): CodeIgniter\Boot::bootWeb(Object(Config\Paths))
14 SYSTEMPATH\Commands\Server\rewrite.php(49): require_once('C:\\laragon\\www\\ci4berita\\public\\index.php')
ERROR - 2024-06-25 09:10:07 --> mysqli_sql_exception: You have an error in your SQL syntax; check the manual that corresponds to your MySQL server version for the right syntax to use near '> $id
 LIMIT 1' at line 3 in C:\laragon\www\ci4berita\vendor\codeigniter4\framework\system\Database\MySQLi\Connection.php:310
Stack trace:
#0 C:\laragon\www\ci4berita\vendor\codeigniter4\framework\system\Database\MySQLi\Connection.php(310): mysqli->query('SELECT *\nFROM `...', 0)
#1 C:\laragon\www\ci4berita\vendor\codeigniter4\framework\system\Database\BaseConnection.php(732): CodeIgniter\Database\MySQLi\Connection->execute('SELECT *\nFROM `...')
#2 C:\laragon\www\ci4berita\vendor\codeigniter4\framework\system\Database\BaseConnection.php(646): CodeIgniter\Database\BaseConnection->simpleQuery('SELECT *\nFROM `...')
#3 C:\laragon\www\ci4berita\vendor\codeigniter4\framework\system\Database\BaseBuilder.php(1637): CodeIgniter\Database\BaseConnection->query('SELECT *\nFROM `...', Array, false)
#4 C:\laragon\www\ci4berita\vendor\codeigniter4\framework\system\Model.php(330): CodeIgniter\Database\BaseBuilder->get()
#5 C:\laragon\www\ci4berita\vendor\codeigniter4\framework\system\BaseModel.php(714): CodeIgniter\Model->doFirst()
#6 C:\laragon\www\ci4berita\app\Controllers\Berita.php(54): CodeIgniter\BaseModel->first()
#7 C:\laragon\www\ci4berita\vendor\codeigniter4\framework\system\CodeIgniter.php(933): App\Controllers\Berita->edit('1')
#8 C:\laragon\www\ci4berita\vendor\codeigniter4\framework\system\CodeIgniter.php(509): CodeIgniter\CodeIgniter->runController(Object(App\Controllers\Berita))
#9 C:\laragon\www\ci4berita\vendor\codeigniter4\framework\system\CodeIgniter.php(355): CodeIgniter\CodeIgniter->handleRequest(NULL, Object(Config\Cache), false)
#10 C:\laragon\www\ci4berita\vendor\codeigniter4\framework\system\Boot.php(325): CodeIgniter\CodeIgniter->run()
#11 C:\laragon\www\ci4berita\vendor\codeigniter4\framework\system\Boot.php(67): CodeIgniter\Boot::runCodeIgniter(Object(CodeIgniter\CodeIgniter))
#12 C:\laragon\www\ci4berita\public\index.php(56): CodeIgniter\Boot::bootWeb(Object(Config\Paths))
#13 C:\laragon\www\ci4berita\vendor\codeigniter4\framework\system\Commands\Server\rewrite.php(49): require_once('C:\\laragon\\www\\...')
#14 {main}
CRITICAL - 2024-06-25 09:10:07 --> CodeIgniter\Database\Exceptions\DatabaseException: You have an error in your SQL syntax; check the manual that corresponds to your MySQL server version for the right syntax to use near '> $id
 LIMIT 1' at line 3
[Method: GET, Route: berita/edit/1]
in SYSTEMPATH\Database\BaseConnection.php on line 686.
 1 SYSTEMPATH\Database\BaseBuilder.php(1637): CodeIgniter\Database\BaseConnection->query('SELECT *
FROM `posting`
WHERE `id` = > $id
 LIMIT 1', [], false)
 2 SYSTEMPATH\Model.php(330): CodeIgniter\Database\BaseBuilder->get()
 3 SYSTEMPATH\BaseModel.php(714): CodeIgniter\Model->doFirst()
 4 APPPATH\Controllers\Berita.php(54): CodeIgniter\BaseModel->first()
 5 SYSTEMPATH\CodeIgniter.php(933): App\Controllers\Berita->edit('1')
 6 SYSTEMPATH\CodeIgniter.php(509): CodeIgniter\CodeIgniter->runController(Object(App\Controllers\Berita))
 7 SYSTEMPATH\CodeIgniter.php(355): CodeIgniter\CodeIgniter->handleRequest(null, Object(Config\Cache), false)
 8 SYSTEMPATH\Boot.php(325): CodeIgniter\CodeIgniter->run()
 9 SYSTEMPATH\Boot.php(67): CodeIgniter\Boot::runCodeIgniter(Object(CodeIgniter\CodeIgniter))
10 FCPATH\index.php(56): CodeIgniter\Boot::bootWeb(Object(Config\Paths))
11 SYSTEMPATH\Commands\Server\rewrite.php(49): require_once('C:\\laragon\\www\\ci4berita\\public\\index.php')
CRITICAL - 2024-06-25 09:10:07 --> [Caused by] CodeIgniter\Database\Exceptions\DatabaseException: You have an error in your SQL syntax; check the manual that corresponds to your MySQL server version for the right syntax to use near '> $id
 LIMIT 1' at line 3
in SYSTEMPATH\Database\MySQLi\Connection.php on line 315.
 1 SYSTEMPATH\Database\BaseConnection.php(732): CodeIgniter\Database\MySQLi\Connection->execute('SELECT *
FROM `posting`
WHERE `id` = > $id
 LIMIT 1')
 2 SYSTEMPATH\Database\BaseConnection.php(646): CodeIgniter\Database\BaseConnection->simpleQuery('SELECT *
FROM `posting`
WHERE `id` = > $id
 LIMIT 1')
 3 SYSTEMPATH\Database\BaseBuilder.php(1637): CodeIgniter\Database\BaseConnection->query('SELECT *
FROM `posting`
WHERE `id` = > $id
 LIMIT 1', [], false)
 4 SYSTEMPATH\Model.php(330): CodeIgniter\Database\BaseBuilder->get()
 5 SYSTEMPATH\BaseModel.php(714): CodeIgniter\Model->doFirst()
 6 APPPATH\Controllers\Berita.php(54): CodeIgniter\BaseModel->first()
 7 SYSTEMPATH\CodeIgniter.php(933): App\Controllers\Berita->edit('1')
 8 SYSTEMPATH\CodeIgniter.php(509): CodeIgniter\CodeIgniter->runController(Object(App\Controllers\Berita))
 9 SYSTEMPATH\CodeIgniter.php(355): CodeIgniter\CodeIgniter->handleRequest(null, Object(Config\Cache), false)
10 SYSTEMPATH\Boot.php(325): CodeIgniter\CodeIgniter->run()
11 SYSTEMPATH\Boot.php(67): CodeIgniter\Boot::runCodeIgniter(Object(CodeIgniter\CodeIgniter))
12 FCPATH\index.php(56): CodeIgniter\Boot::bootWeb(Object(Config\Paths))
13 SYSTEMPATH\Commands\Server\rewrite.php(49): require_once('C:\\laragon\\www\\ci4berita\\public\\index.php')
CRITICAL - 2024-06-25 09:10:07 --> [Caused by] mysqli_sql_exception: You have an error in your SQL syntax; check the manual that corresponds to your MySQL server version for the right syntax to use near '> $id
 LIMIT 1' at line 3
in SYSTEMPATH\Database\MySQLi\Connection.php on line 310.
 1 SYSTEMPATH\Database\MySQLi\Connection.php(310): mysqli->query('SELECT *
FROM `posting`
WHERE `id` = > $id
 LIMIT 1', 0)
 2 SYSTEMPATH\Database\BaseConnection.php(732): CodeIgniter\Database\MySQLi\Connection->execute('SELECT *
FROM `posting`
WHERE `id` = > $id
 LIMIT 1')
 3 SYSTEMPATH\Database\BaseConnection.php(646): CodeIgniter\Database\BaseConnection->simpleQuery('SELECT *
FROM `posting`
WHERE `id` = > $id
 LIMIT 1')
 4 SYSTEMPATH\Database\BaseBuilder.php(1637): CodeIgniter\Database\BaseConnection->query('SELECT *
FROM `posting`
WHERE `id` = > $id
 LIMIT 1', [], false)
 5 SYSTEMPATH\Model.php(330): CodeIgniter\Database\BaseBuilder->get()
 6 SYSTEMPATH\BaseModel.php(714): CodeIgniter\Model->doFirst()
 7 APPPATH\Controllers\Berita.php(54): CodeIgniter\BaseModel->first()
 8 SYSTEMPATH\CodeIgniter.php(933): App\Controllers\Berita->edit('1')
 9 SYSTEMPATH\CodeIgniter.php(509): CodeIgniter\CodeIgniter->runController(Object(App\Controllers\Berita))
10 SYSTEMPATH\CodeIgniter.php(355): CodeIgniter\CodeIgniter->handleRequest(null, Object(Config\Cache), false)
11 SYSTEMPATH\Boot.php(325): CodeIgniter\CodeIgniter->run()
12 SYSTEMPATH\Boot.php(67): CodeIgniter\Boot::runCodeIgniter(Object(CodeIgniter\CodeIgniter))
13 FCPATH\index.php(56): CodeIgniter\Boot::bootWeb(Object(Config\Paths))
14 SYSTEMPATH\Commands\Server\rewrite.php(49): require_once('C:\\laragon\\www\\ci4berita\\public\\index.php')
ERROR - 2024-06-25 09:10:32 --> mysqli_sql_exception: You have an error in your SQL syntax; check the manual that corresponds to your MySQL server version for the right syntax to use near '> $id
 LIMIT 1' at line 3 in C:\laragon\www\ci4berita\vendor\codeigniter4\framework\system\Database\MySQLi\Connection.php:310
Stack trace:
#0 C:\laragon\www\ci4berita\vendor\codeigniter4\framework\system\Database\MySQLi\Connection.php(310): mysqli->query('SELECT *\nFROM `...', 0)
#1 C:\laragon\www\ci4berita\vendor\codeigniter4\framework\system\Database\BaseConnection.php(732): CodeIgniter\Database\MySQLi\Connection->execute('SELECT *\nFROM `...')
#2 C:\laragon\www\ci4berita\vendor\codeigniter4\framework\system\Database\BaseConnection.php(646): CodeIgniter\Database\BaseConnection->simpleQuery('SELECT *\nFROM `...')
#3 C:\laragon\www\ci4berita\vendor\codeigniter4\framework\system\Database\BaseBuilder.php(1637): CodeIgniter\Database\BaseConnection->query('SELECT *\nFROM `...', Array, false)
#4 C:\laragon\www\ci4berita\vendor\codeigniter4\framework\system\Model.php(330): CodeIgniter\Database\BaseBuilder->get()
#5 C:\laragon\www\ci4berita\vendor\codeigniter4\framework\system\BaseModel.php(714): CodeIgniter\Model->doFirst()
#6 C:\laragon\www\ci4berita\app\Controllers\Berita.php(54): CodeIgniter\BaseModel->first()
#7 C:\laragon\www\ci4berita\vendor\codeigniter4\framework\system\CodeIgniter.php(933): App\Controllers\Berita->edit('1')
#8 C:\laragon\www\ci4berita\vendor\codeigniter4\framework\system\CodeIgniter.php(509): CodeIgniter\CodeIgniter->runController(Object(App\Controllers\Berita))
#9 C:\laragon\www\ci4berita\vendor\codeigniter4\framework\system\CodeIgniter.php(355): CodeIgniter\CodeIgniter->handleRequest(NULL, Object(Config\Cache), false)
#10 C:\laragon\www\ci4berita\vendor\codeigniter4\framework\system\Boot.php(325): CodeIgniter\CodeIgniter->run()
#11 C:\laragon\www\ci4berita\vendor\codeigniter4\framework\system\Boot.php(67): CodeIgniter\Boot::runCodeIgniter(Object(CodeIgniter\CodeIgniter))
#12 C:\laragon\www\ci4berita\public\index.php(56): CodeIgniter\Boot::bootWeb(Object(Config\Paths))
#13 C:\laragon\www\ci4berita\vendor\codeigniter4\framework\system\Commands\Server\rewrite.php(49): require_once('C:\\laragon\\www\\...')
#14 {main}
CRITICAL - 2024-06-25 09:10:32 --> CodeIgniter\Database\Exceptions\DatabaseException: You have an error in your SQL syntax; check the manual that corresponds to your MySQL server version for the right syntax to use near '> $id
 LIMIT 1' at line 3
[Method: GET, Route: berita/edit/1]
in SYSTEMPATH\Database\BaseConnection.php on line 686.
 1 SYSTEMPATH\Database\BaseBuilder.php(1637): CodeIgniter\Database\BaseConnection->query('SELECT *
FROM `posting`
WHERE `id` = > $id
 LIMIT 1', [], false)
 2 SYSTEMPATH\Model.php(330): CodeIgniter\Database\BaseBuilder->get()
 3 SYSTEMPATH\BaseModel.php(714): CodeIgniter\Model->doFirst()
 4 APPPATH\Controllers\Berita.php(54): CodeIgniter\BaseModel->first()
 5 SYSTEMPATH\CodeIgniter.php(933): App\Controllers\Berita->edit('1')
 6 SYSTEMPATH\CodeIgniter.php(509): CodeIgniter\CodeIgniter->runController(Object(App\Controllers\Berita))
 7 SYSTEMPATH\CodeIgniter.php(355): CodeIgniter\CodeIgniter->handleRequest(null, Object(Config\Cache), false)
 8 SYSTEMPATH\Boot.php(325): CodeIgniter\CodeIgniter->run()
 9 SYSTEMPATH\Boot.php(67): CodeIgniter\Boot::runCodeIgniter(Object(CodeIgniter\CodeIgniter))
10 FCPATH\index.php(56): CodeIgniter\Boot::bootWeb(Object(Config\Paths))
11 SYSTEMPATH\Commands\Server\rewrite.php(49): require_once('C:\\laragon\\www\\ci4berita\\public\\index.php')
CRITICAL - 2024-06-25 09:10:32 --> [Caused by] CodeIgniter\Database\Exceptions\DatabaseException: You have an error in your SQL syntax; check the manual that corresponds to your MySQL server version for the right syntax to use near '> $id
 LIMIT 1' at line 3
in SYSTEMPATH\Database\MySQLi\Connection.php on line 315.
 1 SYSTEMPATH\Database\BaseConnection.php(732): CodeIgniter\Database\MySQLi\Connection->execute('SELECT *
FROM `posting`
WHERE `id` = > $id
 LIMIT 1')
 2 SYSTEMPATH\Database\BaseConnection.php(646): CodeIgniter\Database\BaseConnection->simpleQuery('SELECT *
FROM `posting`
WHERE `id` = > $id
 LIMIT 1')
 3 SYSTEMPATH\Database\BaseBuilder.php(1637): CodeIgniter\Database\BaseConnection->query('SELECT *
FROM `posting`
WHERE `id` = > $id
 LIMIT 1', [], false)
 4 SYSTEMPATH\Model.php(330): CodeIgniter\Database\BaseBuilder->get()
 5 SYSTEMPATH\BaseModel.php(714): CodeIgniter\Model->doFirst()
 6 APPPATH\Controllers\Berita.php(54): CodeIgniter\BaseModel->first()
 7 SYSTEMPATH\CodeIgniter.php(933): App\Controllers\Berita->edit('1')
 8 SYSTEMPATH\CodeIgniter.php(509): CodeIgniter\CodeIgniter->runController(Object(App\Controllers\Berita))
 9 SYSTEMPATH\CodeIgniter.php(355): CodeIgniter\CodeIgniter->handleRequest(null, Object(Config\Cache), false)
10 SYSTEMPATH\Boot.php(325): CodeIgniter\CodeIgniter->run()
11 SYSTEMPATH\Boot.php(67): CodeIgniter\Boot::runCodeIgniter(Object(CodeIgniter\CodeIgniter))
12 FCPATH\index.php(56): CodeIgniter\Boot::bootWeb(Object(Config\Paths))
13 SYSTEMPATH\Commands\Server\rewrite.php(49): require_once('C:\\laragon\\www\\ci4berita\\public\\index.php')
CRITICAL - 2024-06-25 09:10:32 --> [Caused by] mysqli_sql_exception: You have an error in your SQL syntax; check the manual that corresponds to your MySQL server version for the right syntax to use near '> $id
 LIMIT 1' at line 3
in SYSTEMPATH\Database\MySQLi\Connection.php on line 310.
 1 SYSTEMPATH\Database\MySQLi\Connection.php(310): mysqli->query('SELECT *
FROM `posting`
WHERE `id` = > $id
 LIMIT 1', 0)
 2 SYSTEMPATH\Database\BaseConnection.php(732): CodeIgniter\Database\MySQLi\Connection->execute('SELECT *
FROM `posting`
WHERE `id` = > $id
 LIMIT 1')
 3 SYSTEMPATH\Database\BaseConnection.php(646): CodeIgniter\Database\BaseConnection->simpleQuery('SELECT *
FROM `posting`
WHERE `id` = > $id
 LIMIT 1')
 4 SYSTEMPATH\Database\BaseBuilder.php(1637): CodeIgniter\Database\BaseConnection->query('SELECT *
FROM `posting`
WHERE `id` = > $id
 LIMIT 1', [], false)
 5 SYSTEMPATH\Model.php(330): CodeIgniter\Database\BaseBuilder->get()
 6 SYSTEMPATH\BaseModel.php(714): CodeIgniter\Model->doFirst()
 7 APPPATH\Controllers\Berita.php(54): CodeIgniter\BaseModel->first()
 8 SYSTEMPATH\CodeIgniter.php(933): App\Controllers\Berita->edit('1')
 9 SYSTEMPATH\CodeIgniter.php(509): CodeIgniter\CodeIgniter->runController(Object(App\Controllers\Berita))
10 SYSTEMPATH\CodeIgniter.php(355): CodeIgniter\CodeIgniter->handleRequest(null, Object(Config\Cache), false)
11 SYSTEMPATH\Boot.php(325): CodeIgniter\CodeIgniter->run()
12 SYSTEMPATH\Boot.php(67): CodeIgniter\Boot::runCodeIgniter(Object(CodeIgniter\CodeIgniter))
13 FCPATH\index.php(56): CodeIgniter\Boot::bootWeb(Object(Config\Paths))
14 SYSTEMPATH\Commands\Server\rewrite.php(49): require_once('C:\\laragon\\www\\ci4berita\\public\\index.php')
ERROR - 2024-06-25 09:10:42 --> mysqli_sql_exception: You have an error in your SQL syntax; check the manual that corresponds to your MySQL server version for the right syntax to use near '> $id
 LIMIT 1' at line 3 in C:\laragon\www\ci4berita\vendor\codeigniter4\framework\system\Database\MySQLi\Connection.php:310
Stack trace:
#0 C:\laragon\www\ci4berita\vendor\codeigniter4\framework\system\Database\MySQLi\Connection.php(310): mysqli->query('SELECT *\nFROM `...', 0)
#1 C:\laragon\www\ci4berita\vendor\codeigniter4\framework\system\Database\BaseConnection.php(732): CodeIgniter\Database\MySQLi\Connection->execute('SELECT *\nFROM `...')
#2 C:\laragon\www\ci4berita\vendor\codeigniter4\framework\system\Database\BaseConnection.php(646): CodeIgniter\Database\BaseConnection->simpleQuery('SELECT *\nFROM `...')
#3 C:\laragon\www\ci4berita\vendor\codeigniter4\framework\system\Database\BaseBuilder.php(1637): CodeIgniter\Database\BaseConnection->query('SELECT *\nFROM `...', Array, false)
#4 C:\laragon\www\ci4berita\vendor\codeigniter4\framework\system\Model.php(330): CodeIgniter\Database\BaseBuilder->get()
#5 C:\laragon\www\ci4berita\vendor\codeigniter4\framework\system\BaseModel.php(714): CodeIgniter\Model->doFirst()
#6 C:\laragon\www\ci4berita\app\Controllers\Berita.php(54): CodeIgniter\BaseModel->first()
#7 C:\laragon\www\ci4berita\vendor\codeigniter4\framework\system\CodeIgniter.php(933): App\Controllers\Berita->edit('2')
#8 C:\laragon\www\ci4berita\vendor\codeigniter4\framework\system\CodeIgniter.php(509): CodeIgniter\CodeIgniter->runController(Object(App\Controllers\Berita))
#9 C:\laragon\www\ci4berita\vendor\codeigniter4\framework\system\CodeIgniter.php(355): CodeIgniter\CodeIgniter->handleRequest(NULL, Object(Config\Cache), false)
#10 C:\laragon\www\ci4berita\vendor\codeigniter4\framework\system\Boot.php(325): CodeIgniter\CodeIgniter->run()
#11 C:\laragon\www\ci4berita\vendor\codeigniter4\framework\system\Boot.php(67): CodeIgniter\Boot::runCodeIgniter(Object(CodeIgniter\CodeIgniter))
#12 C:\laragon\www\ci4berita\public\index.php(56): CodeIgniter\Boot::bootWeb(Object(Config\Paths))
#13 C:\laragon\www\ci4berita\vendor\codeigniter4\framework\system\Commands\Server\rewrite.php(49): require_once('C:\\laragon\\www\\...')
#14 {main}
CRITICAL - 2024-06-25 09:10:42 --> CodeIgniter\Database\Exceptions\DatabaseException: You have an error in your SQL syntax; check the manual that corresponds to your MySQL server version for the right syntax to use near '> $id
 LIMIT 1' at line 3
[Method: GET, Route: berita/edit/2]
in SYSTEMPATH\Database\BaseConnection.php on line 686.
 1 SYSTEMPATH\Database\BaseBuilder.php(1637): CodeIgniter\Database\BaseConnection->query('SELECT *
FROM `posting`
WHERE `id` = > $id
 LIMIT 1', [], false)
 2 SYSTEMPATH\Model.php(330): CodeIgniter\Database\BaseBuilder->get()
 3 SYSTEMPATH\BaseModel.php(714): CodeIgniter\Model->doFirst()
 4 APPPATH\Controllers\Berita.php(54): CodeIgniter\BaseModel->first()
 5 SYSTEMPATH\CodeIgniter.php(933): App\Controllers\Berita->edit('2')
 6 SYSTEMPATH\CodeIgniter.php(509): CodeIgniter\CodeIgniter->runController(Object(App\Controllers\Berita))
 7 SYSTEMPATH\CodeIgniter.php(355): CodeIgniter\CodeIgniter->handleRequest(null, Object(Config\Cache), false)
 8 SYSTEMPATH\Boot.php(325): CodeIgniter\CodeIgniter->run()
 9 SYSTEMPATH\Boot.php(67): CodeIgniter\Boot::runCodeIgniter(Object(CodeIgniter\CodeIgniter))
10 FCPATH\index.php(56): CodeIgniter\Boot::bootWeb(Object(Config\Paths))
11 SYSTEMPATH\Commands\Server\rewrite.php(49): require_once('C:\\laragon\\www\\ci4berita\\public\\index.php')
CRITICAL - 2024-06-25 09:10:42 --> [Caused by] CodeIgniter\Database\Exceptions\DatabaseException: You have an error in your SQL syntax; check the manual that corresponds to your MySQL server version for the right syntax to use near '> $id
 LIMIT 1' at line 3
in SYSTEMPATH\Database\MySQLi\Connection.php on line 315.
 1 SYSTEMPATH\Database\BaseConnection.php(732): CodeIgniter\Database\MySQLi\Connection->execute('SELECT *
FROM `posting`
WHERE `id` = > $id
 LIMIT 1')
 2 SYSTEMPATH\Database\BaseConnection.php(646): CodeIgniter\Database\BaseConnection->simpleQuery('SELECT *
FROM `posting`
WHERE `id` = > $id
 LIMIT 1')
 3 SYSTEMPATH\Database\BaseBuilder.php(1637): CodeIgniter\Database\BaseConnection->query('SELECT *
FROM `posting`
WHERE `id` = > $id
 LIMIT 1', [], false)
 4 SYSTEMPATH\Model.php(330): CodeIgniter\Database\BaseBuilder->get()
 5 SYSTEMPATH\BaseModel.php(714): CodeIgniter\Model->doFirst()
 6 APPPATH\Controllers\Berita.php(54): CodeIgniter\BaseModel->first()
 7 SYSTEMPATH\CodeIgniter.php(933): App\Controllers\Berita->edit('2')
 8 SYSTEMPATH\CodeIgniter.php(509): CodeIgniter\CodeIgniter->runController(Object(App\Controllers\Berita))
 9 SYSTEMPATH\CodeIgniter.php(355): CodeIgniter\CodeIgniter->handleRequest(null, Object(Config\Cache), false)
10 SYSTEMPATH\Boot.php(325): CodeIgniter\CodeIgniter->run()
11 SYSTEMPATH\Boot.php(67): CodeIgniter\Boot::runCodeIgniter(Object(CodeIgniter\CodeIgniter))
12 FCPATH\index.php(56): CodeIgniter\Boot::bootWeb(Object(Config\Paths))
13 SYSTEMPATH\Commands\Server\rewrite.php(49): require_once('C:\\laragon\\www\\ci4berita\\public\\index.php')
CRITICAL - 2024-06-25 09:10:42 --> [Caused by] mysqli_sql_exception: You have an error in your SQL syntax; check the manual that corresponds to your MySQL server version for the right syntax to use near '> $id
 LIMIT 1' at line 3
in SYSTEMPATH\Database\MySQLi\Connection.php on line 310.
 1 SYSTEMPATH\Database\MySQLi\Connection.php(310): mysqli->query('SELECT *
FROM `posting`
WHERE `id` = > $id
 LIMIT 1', 0)
 2 SYSTEMPATH\Database\BaseConnection.php(732): CodeIgniter\Database\MySQLi\Connection->execute('SELECT *
FROM `posting`
WHERE `id` = > $id
 LIMIT 1')
 3 SYSTEMPATH\Database\BaseConnection.php(646): CodeIgniter\Database\BaseConnection->simpleQuery('SELECT *
FROM `posting`
WHERE `id` = > $id
 LIMIT 1')
 4 SYSTEMPATH\Database\BaseBuilder.php(1637): CodeIgniter\Database\BaseConnection->query('SELECT *
FROM `posting`
WHERE `id` = > $id
 LIMIT 1', [], false)
 5 SYSTEMPATH\Model.php(330): CodeIgniter\Database\BaseBuilder->get()
 6 SYSTEMPATH\BaseModel.php(714): CodeIgniter\Model->doFirst()
 7 APPPATH\Controllers\Berita.php(54): CodeIgniter\BaseModel->first()
 8 SYSTEMPATH\CodeIgniter.php(933): App\Controllers\Berita->edit('2')
 9 SYSTEMPATH\CodeIgniter.php(509): CodeIgniter\CodeIgniter->runController(Object(App\Controllers\Berita))
10 SYSTEMPATH\CodeIgniter.php(355): CodeIgniter\CodeIgniter->handleRequest(null, Object(Config\Cache), false)
11 SYSTEMPATH\Boot.php(325): CodeIgniter\CodeIgniter->run()
12 SYSTEMPATH\Boot.php(67): CodeIgniter\Boot::runCodeIgniter(Object(CodeIgniter\CodeIgniter))
13 FCPATH\index.php(56): CodeIgniter\Boot::bootWeb(Object(Config\Paths))
14 SYSTEMPATH\Commands\Server\rewrite.php(49): require_once('C:\\laragon\\www\\ci4berita\\public\\index.php')
CRITICAL - 2024-06-25 09:12:44 --> ErrorException: Undefined variable $news
[Method: GET, Route: berita/edit/1]
in APPPATH\Views\edit_berita.php on line 9.
 1 APPPATH\Views\edit_berita.php(9): CodeIgniter\Debug\Exceptions->errorHandler(2, 'Undefined variable $news', 'C:\\laragon\\www\\ci4berita\\app\\Views\\edit_berita.php', 9)
 2 SYSTEMPATH\View\View.php(234): include('C:\\laragon\\www\\ci4berita\\app\\Views\\edit_berita.php')
 3 SYSTEMPATH\View\View.php(237): CodeIgniter\View\View->CodeIgniter\View\{closure}()
 4 SYSTEMPATH\Common.php(1171): CodeIgniter\View\View->render('edit_berita', [], true)
 5 APPPATH\Controllers\Berita.php(72): view('edit_berita')
 6 SYSTEMPATH\CodeIgniter.php(933): App\Controllers\Berita->edit('1')
 7 SYSTEMPATH\CodeIgniter.php(509): CodeIgniter\CodeIgniter->runController(Object(App\Controllers\Berita))
 8 SYSTEMPATH\CodeIgniter.php(355): CodeIgniter\CodeIgniter->handleRequest(null, Object(Config\Cache), false)
 9 SYSTEMPATH\Boot.php(325): CodeIgniter\CodeIgniter->run()
10 SYSTEMPATH\Boot.php(67): CodeIgniter\Boot::runCodeIgniter(Object(CodeIgniter\CodeIgniter))
11 FCPATH\index.php(56): CodeIgniter\Boot::bootWeb(Object(Config\Paths))
12 SYSTEMPATH\Commands\Server\rewrite.php(49): require_once('C:\\laragon\\www\\ci4berita\\public\\index.php')
CRITICAL - 2024-06-25 09:13:14 --> ErrorException: Undefined variable $news
[Method: GET, Route: berita/edit/1]
in APPPATH\Views\edit_berita.php on line 9.
 1 APPPATH\Views\edit_berita.php(9): CodeIgniter\Debug\Exceptions->errorHandler(2, 'Undefined variable $news', 'C:\\laragon\\www\\ci4berita\\app\\Views\\edit_berita.php', 9)
 2 SYSTEMPATH\View\View.php(234): include('C:\\laragon\\www\\ci4berita\\app\\Views\\edit_berita.php')
 3 SYSTEMPATH\View\View.php(237): CodeIgniter\View\View->CodeIgniter\View\{closure}()
 4 SYSTEMPATH\Common.php(1171): CodeIgniter\View\View->render('edit_berita', [], true)
 5 APPPATH\Controllers\Berita.php(72): view('edit_berita')
 6 SYSTEMPATH\CodeIgniter.php(933): App\Controllers\Berita->edit('1')
 7 SYSTEMPATH\CodeIgniter.php(509): CodeIgniter\CodeIgniter->runController(Object(App\Controllers\Berita))
 8 SYSTEMPATH\CodeIgniter.php(355): CodeIgniter\CodeIgniter->handleRequest(null, Object(Config\Cache), false)
 9 SYSTEMPATH\Boot.php(325): CodeIgniter\CodeIgniter->run()
10 SYSTEMPATH\Boot.php(67): CodeIgniter\Boot::runCodeIgniter(Object(CodeIgniter\CodeIgniter))
11 FCPATH\index.php(56): CodeIgniter\Boot::bootWeb(Object(Config\Paths))
12 SYSTEMPATH\Commands\Server\rewrite.php(49): require_once('C:\\laragon\\www\\ci4berita\\public\\index.php')
CRITICAL - 2024-06-25 09:13:28 --> ErrorException: Undefined variable $news
[Method: GET, Route: berita/edit/1]
in APPPATH\Views\edit_berita.php on line 9.
 1 APPPATH\Views\edit_berita.php(9): CodeIgniter\Debug\Exceptions->errorHandler(2, 'Undefined variable $news', 'C:\\laragon\\www\\ci4berita\\app\\Views\\edit_berita.php', 9)
 2 SYSTEMPATH\View\View.php(234): include('C:\\laragon\\www\\ci4berita\\app\\Views\\edit_berita.php')
 3 SYSTEMPATH\View\View.php(237): CodeIgniter\View\View->CodeIgniter\View\{closure}()
 4 SYSTEMPATH\Common.php(1171): CodeIgniter\View\View->render('edit_berita', [], true)
 5 APPPATH\Controllers\Berita.php(72): view('edit_berita')
 6 SYSTEMPATH\CodeIgniter.php(933): App\Controllers\Berita->edit('1')
 7 SYSTEMPATH\CodeIgniter.php(509): CodeIgniter\CodeIgniter->runController(Object(App\Controllers\Berita))
 8 SYSTEMPATH\CodeIgniter.php(355): CodeIgniter\CodeIgniter->handleRequest(null, Object(Config\Cache), false)
 9 SYSTEMPATH\Boot.php(325): CodeIgniter\CodeIgniter->run()
10 SYSTEMPATH\Boot.php(67): CodeIgniter\Boot::runCodeIgniter(Object(CodeIgniter\CodeIgniter))
11 FCPATH\index.php(56): CodeIgniter\Boot::bootWeb(Object(Config\Paths))
12 SYSTEMPATH\Commands\Server\rewrite.php(49): require_once('C:\\laragon\\www\\ci4berita\\public\\index.php')
CRITICAL - 2024-06-25 09:14:35 --> ErrorException: Undefined variable $news
[Method: GET, Route: berita/edit/1]
in APPPATH\Views\edit_berita.php on line 9.
 1 APPPATH\Views\edit_berita.php(9): CodeIgniter\Debug\Exceptions->errorHandler(2, 'Undefined variable $news', 'C:\\laragon\\www\\ci4berita\\app\\Views\\edit_berita.php', 9)
 2 SYSTEMPATH\View\View.php(234): include('C:\\laragon\\www\\ci4berita\\app\\Views\\edit_berita.php')
 3 SYSTEMPATH\View\View.php(237): CodeIgniter\View\View->CodeIgniter\View\{closure}()
 4 SYSTEMPATH\Common.php(1171): CodeIgniter\View\View->render('edit_berita', [], true)
 5 APPPATH\Controllers\Berita.php(72): view('edit_berita')
 6 SYSTEMPATH\CodeIgniter.php(933): App\Controllers\Berita->edit('1')
 7 SYSTEMPATH\CodeIgniter.php(509): CodeIgniter\CodeIgniter->runController(Object(App\Controllers\Berita))
 8 SYSTEMPATH\CodeIgniter.php(355): CodeIgniter\CodeIgniter->handleRequest(null, Object(Config\Cache), false)
 9 SYSTEMPATH\Boot.php(325): CodeIgniter\CodeIgniter->run()
10 SYSTEMPATH\Boot.php(67): CodeIgniter\Boot::runCodeIgniter(Object(CodeIgniter\CodeIgniter))
11 FCPATH\index.php(56): CodeIgniter\Boot::bootWeb(Object(Config\Paths))
12 SYSTEMPATH\Commands\Server\rewrite.php(49): require_once('C:\\laragon\\www\\ci4berita\\public\\index.php')
CRITICAL - 2024-06-25 09:15:25 --> ErrorException: Undefined variable $news
[Method: GET, Route: berita/edit/1]
in APPPATH\Views\edit_berita.php on line 9.
 1 APPPATH\Views\edit_berita.php(9): CodeIgniter\Debug\Exceptions->errorHandler(2, 'Undefined variable $news', 'C:\\laragon\\www\\ci4berita\\app\\Views\\edit_berita.php', 9)
 2 SYSTEMPATH\View\View.php(234): include('C:\\laragon\\www\\ci4berita\\app\\Views\\edit_berita.php')
 3 SYSTEMPATH\View\View.php(237): CodeIgniter\View\View->CodeIgniter\View\{closure}()
 4 SYSTEMPATH\Common.php(1171): CodeIgniter\View\View->render('edit_berita', [], true)
 5 APPPATH\Controllers\Berita.php(72): view('edit_berita')
 6 SYSTEMPATH\CodeIgniter.php(933): App\Controllers\Berita->edit('1')
 7 SYSTEMPATH\CodeIgniter.php(509): CodeIgniter\CodeIgniter->runController(Object(App\Controllers\Berita))
 8 SYSTEMPATH\CodeIgniter.php(355): CodeIgniter\CodeIgniter->handleRequest(null, Object(Config\Cache), false)
 9 SYSTEMPATH\Boot.php(325): CodeIgniter\CodeIgniter->run()
10 SYSTEMPATH\Boot.php(67): CodeIgniter\Boot::runCodeIgniter(Object(CodeIgniter\CodeIgniter))
11 FCPATH\index.php(56): CodeIgniter\Boot::bootWeb(Object(Config\Paths))
12 SYSTEMPATH\Commands\Server\rewrite.php(49): require_once('C:\\laragon\\www\\ci4berita\\public\\index.php')
CRITICAL - 2024-06-25 09:15:32 --> ErrorException: Undefined variable $news
[Method: GET, Route: berita/edit/1]
in APPPATH\Views\edit_berita.php on line 9.
 1 APPPATH\Views\edit_berita.php(9): CodeIgniter\Debug\Exceptions->errorHandler(2, 'Undefined variable $news', 'C:\\laragon\\www\\ci4berita\\app\\Views\\edit_berita.php', 9)
 2 SYSTEMPATH\View\View.php(234): include('C:\\laragon\\www\\ci4berita\\app\\Views\\edit_berita.php')
 3 SYSTEMPATH\View\View.php(237): CodeIgniter\View\View->CodeIgniter\View\{closure}()
 4 SYSTEMPATH\Common.php(1171): CodeIgniter\View\View->render('edit_berita', [], true)
 5 APPPATH\Controllers\Berita.php(72): view('edit_berita')
 6 SYSTEMPATH\CodeIgniter.php(933): App\Controllers\Berita->edit('1')
 7 SYSTEMPATH\CodeIgniter.php(509): CodeIgniter\CodeIgniter->runController(Object(App\Controllers\Berita))
 8 SYSTEMPATH\CodeIgniter.php(355): CodeIgniter\CodeIgniter->handleRequest(null, Object(Config\Cache), false)
 9 SYSTEMPATH\Boot.php(325): CodeIgniter\CodeIgniter->run()
10 SYSTEMPATH\Boot.php(67): CodeIgniter\Boot::runCodeIgniter(Object(CodeIgniter\CodeIgniter))
11 FCPATH\index.php(56): CodeIgniter\Boot::bootWeb(Object(Config\Paths))
12 SYSTEMPATH\Commands\Server\rewrite.php(49): require_once('C:\\laragon\\www\\ci4berita\\public\\index.php')
