CRITICAL - 2024-07-02 04:49:01 --> CodeIgniter\Database\Exceptions\DatabaseException: Updates are not allowed unless they contain a "where" or "like" clause.
[Method: PUT, Route: api/6]
in SYSTEMPATH\Model.php on line 456.
 1 SYSTEMPATH\BaseModel.php(1028): CodeIgniter\Model->doUpdate(null, [...])
 2 SYSTEMPATH\Model.php(865): CodeIgniter\BaseModel->update(null, [...])
 3 APPPATH\Controllers\Api.php(61): CodeIgniter\Model->update(null, [...])
 4 SYSTEMPATH\CodeIgniter.php(933): App\Controllers\Api->update(null)
 5 SYSTEMPATH\CodeIgniter.php(509): CodeIgniter\CodeIgniter->runController(Object(App\Controllers\Api))
 6 SYSTEMPATH\CodeIgniter.php(355): CodeIgniter\CodeIgniter->handleRequest(null, Object(Config\Cache), false)
 7 SYSTEMPATH\Boot.php(325): CodeIgniter\CodeIgniter->run()
 8 SYSTEMPATH\Boot.php(67): CodeIgniter\Boot::runCodeIgniter(Object(CodeIgniter\CodeIgniter))
 9 FCPATH\index.php(56): CodeIgniter\Boot::bootWeb(Object(Config\Paths))
10 SYSTEMPATH\Commands\Server\rewrite.php(49): require_once('C:\\laragon\\www\\ci4berita\\public\\index.php')
CRITICAL - 2024-07-02 04:51:07 --> CodeIgniter\Database\Exceptions\DatabaseException: Updates are not allowed unless they contain a "where" or "like" clause.
[Method: PUT, Route: api/6]
in SYSTEMPATH\Model.php on line 456.
 1 SYSTEMPATH\BaseModel.php(1028): CodeIgniter\Model->doUpdate(null, [...])
 2 SYSTEMPATH\Model.php(865): CodeIgniter\BaseModel->update(null, [...])
 3 APPPATH\Controllers\Api.php(61): CodeIgniter\Model->update(null, [...])
 4 SYSTEMPATH\CodeIgniter.php(933): App\Controllers\Api->update(null)
 5 SYSTEMPATH\CodeIgniter.php(509): CodeIgniter\CodeIgniter->runController(Object(App\Controllers\Api))
 6 SYSTEMPATH\CodeIgniter.php(355): CodeIgniter\CodeIgniter->handleRequest(null, Object(Config\Cache), false)
 7 SYSTEMPATH\Boot.php(325): CodeIgniter\CodeIgniter->run()
 8 SYSTEMPATH\Boot.php(67): CodeIgniter\Boot::runCodeIgniter(Object(CodeIgniter\CodeIgniter))
 9 FCPATH\index.php(56): CodeIgniter\Boot::bootWeb(Object(Config\Paths))
10 SYSTEMPATH\Commands\Server\rewrite.php(49): require_once('C:\\laragon\\www\\ci4berita\\public\\index.php')
CRITICAL - 2024-07-02 04:52:53 --> CodeIgniter\Database\Exceptions\DatabaseException: Updates are not allowed unless they contain a "where" or "like" clause.
[Method: PUT, Route: api/6]
in SYSTEMPATH\Model.php on line 456.
 1 SYSTEMPATH\BaseModel.php(1028): CodeIgniter\Model->doUpdate(null, [...])
 2 SYSTEMPATH\Model.php(865): CodeIgniter\BaseModel->update(null, [...])
 3 APPPATH\Controllers\Api.php(61): CodeIgniter\Model->update(null, [...])
 4 SYSTEMPATH\CodeIgniter.php(933): App\Controllers\Api->update(null)
 5 SYSTEMPATH\CodeIgniter.php(509): CodeIgniter\CodeIgniter->runController(Object(App\Controllers\Api))
 6 SYSTEMPATH\CodeIgniter.php(355): CodeIgniter\CodeIgniter->handleRequest(null, Object(Config\Cache), false)
 7 SYSTEMPATH\Boot.php(325): CodeIgniter\CodeIgniter->run()
 8 SYSTEMPATH\Boot.php(67): CodeIgniter\Boot::runCodeIgniter(Object(CodeIgniter\CodeIgniter))
 9 FCPATH\index.php(56): CodeIgniter\Boot::bootWeb(Object(Config\Paths))
10 SYSTEMPATH\Commands\Server\rewrite.php(49): require_once('C:\\laragon\\www\\ci4berita\\public\\index.php')
